#
# A fatal error has been detected by the Java Runtime Environment:
#
#  EXCEPTION_ACCESS_VIOLATION (0xc0000005) at pc=0x00007ffcab5b853e, pid=25224, tid=27644
#
# JRE version: OpenJDK Runtime Environment Temurin-21.0.3+9 (21.0.3+9) (build 21.0.3+9-LTS)
# Java VM: OpenJDK 64-Bit Server VM Temurin-21.0.3+9 (21.0.3+9-LTS, mixed mode, emulated-client, tiered, compressed oops, compressed class ptrs, g1 gc, windows-amd64)
# Problematic frame:
# V  [jvm.dll+0x31853e]
#
# No core dump will be written. Minidumps are not enabled by default on client versions of Windows
#
# If you would like to submit a bug report, please visit:
#   https://github.com/adoptium/adoptium-support/issues
#

---------------  S U M M A R Y ------------

Command Line: -Djava.net.preferIPv4Stack=true -XX:+ShowCodeDetailsInExceptionMessages -agentlib:jdwp=transport=dt_socket,suspend=y,address=localhost:50128 -Dcom.sun.management.jmxremote -Dcom.sun.management.jmxremote.port=50127 -Dcom.sun.management.jmxremote.authenticate=false -Dcom.sun.management.jmxremote.ssl=false -Djava.rmi.server.hostname=localhost -Dspring.jmx.enabled=true -Dmanagement.endpoints.jmx.exposure.include=* -Dspring.application.admin.enabled=true -XX:TieredStopAtLevel=1 -Dspring.boot.project.name=mProject -javaagent:C:\spring-tool-suite-4-4.24.0.RELEASE-e4.32.0-win32.win32.x86_64.self-extracting\contents\sts-4.24.0.RELEASE\configuration\org.eclipse.osgi\270\0\.cp\lib\javaagent-shaded.jar -Dfile.encoding=UTF-8 -Dstdout.encoding=UTF-8 -Dstderr.encoding=UTF-8 com.moon.mProject.MProjectApplication --spring.output.ansi.enabled=always

Host: 12th Gen Intel(R) Core(TM) i5-12400, 12 cores, 31G,  Windows 10 , 64 bit Build 19041 (10.0.19041.4717)
Time: Tue Sep 10 13:16:12 2024  Windows 10 , 64 bit Build 19041 (10.0.19041.4717) elapsed time: 10320.951488 seconds (0d 2h 52m 0s)

---------------  T H R E A D  ---------------

Current thread (0x000001d784e89010):  WorkerThread "GC Thread#9"    [id=27644, stack(0x0000009933100000,0x0000009933200000) (1024K)]

Stack: [0x0000009933100000,0x0000009933200000],  sp=0x00000099331fe1f0,  free space=1016k
Native frames: (J=compiled Java code, j=interpreted, Vv=VM code, C=native code)
V  [jvm.dll+0x31853e]
V  [jvm.dll+0x33e229]
V  [jvm.dll+0x33e192]
V  [jvm.dll+0x312f5b]
V  [jvm.dll+0x3129ad]
V  [jvm.dll+0x3eace5]
V  [jvm.dll+0x84c2f6]
V  [jvm.dll+0x855c36]
V  [jvm.dll+0x36310a]
V  [jvm.dll+0x3631c4]
V  [jvm.dll+0x342b33]
V  [jvm.dll+0x8cf697]
V  [jvm.dll+0x84bf8b]
V  [jvm.dll+0x6c6dcd]
C  [ucrtbase.dll+0x21bb2]
C  [KERNEL32.DLL+0x17374]
C  [ntdll.dll+0x4cc91]

JavaThread 0x000001d78698eaa0 (nid = 5920) was being processed
Java frames: (J=compiled Java code, j=interpreted, Vv=VM code)
j  java.lang.invoke.DirectMethodHandle$Holder.invokeVirtual(Ljava/lang/Object;Ljava/lang/Object;)Ljava/lang/Object;+10 java.base@21.0.3
j  java.lang.invoke.LambdaForm$MH+0x00000008003d0800.invoke(Ljava/lang/Object;Ljava/lang/Object;)Ljava/lang/Object;+31 java.base@21.0.3
J 4309 c1 jdk.internal.reflect.DirectMethodHandleAccessor.invoke(Ljava/lang/Object;[Ljava/lang/Object;)Ljava/lang/Object; java.base@21.0.3 (92 bytes) @ 0x000001d7ec0c47bc [0x000001d7ec0c4440+0x000000000000037c]
J 4332 c1 java.lang.reflect.Method.invoke(Ljava/lang/Object;[Ljava/lang/Object;)Ljava/lang/Object; java.base@21.0.3 (108 bytes) @ 0x000001d7ec0d04f4 [0x000001d7ec0d0300+0x00000000000001f4]
j  org.springframework.web.method.support.InvocableHandlerMethod.doInvoke([Ljava/lang/Object;)Ljava/lang/Object;+55
j  org.springframework.web.method.support.InvocableHandlerMethod.invokeForRequest(Lorg/springframework/web/context/request/NativeWebRequest;Lorg/springframework/web/method/support/ModelAndViewContainer;[Ljava/lang/Object;)Ljava/lang/Object;+82
j  org.springframework.web.servlet.mvc.method.annotation.ServletInvocableHandlerMethod.invokeAndHandle(Lorg/springframework/web/context/request/ServletWebRequest;Lorg/springframework/web/method/support/ModelAndViewContainer;[Ljava/lang/Object;)V+4
j  org.springframework.web.servlet.mvc.method.annotation.RequestMappingHandlerAdapter.invokeHandlerMethod(Ljakarta/servlet/http/HttpServletRequest;Ljakarta/servlet/http/HttpServletResponse;Lorg/springframework/web/method/HandlerMethod;)Lorg/springframework/web/servlet/ModelAndView;+309
j  org.springframework.web.servlet.mvc.method.annotation.RequestMappingHandlerAdapter.handleInternal(Ljakarta/servlet/http/HttpServletRequest;Ljakarta/servlet/http/HttpServletResponse;Lorg/springframework/web/method/HandlerMethod;)Lorg/springframework/web/servlet/ModelAndView;+81
j  org.springframework.web.servlet.mvc.method.AbstractHandlerMethodAdapter.handle(Ljakarta/servlet/http/HttpServletRequest;Ljakarta/servlet/http/HttpServletResponse;Ljava/lang/Object;)Lorg/springframework/web/servlet/ModelAndView;+7
j  org.springframework.web.servlet.DispatcherServlet.doDispatch(Ljakarta/servlet/http/HttpServletRequest;Ljakarta/servlet/http/HttpServletResponse;)V+304
j  org.springframework.web.servlet.DispatcherServlet.doService(Ljakarta/servlet/http/HttpServletRequest;Ljakarta/servlet/http/HttpServletResponse;)V+242
j  org.springframework.web.servlet.FrameworkServlet.processRequest(Ljakarta/servlet/http/HttpServletRequest;Ljakarta/servlet/http/HttpServletResponse;)V+70
j  org.springframework.web.servlet.FrameworkServlet.doGet(Ljakarta/servlet/http/HttpServletRequest;Ljakarta/servlet/http/HttpServletResponse;)V+3
j  jakarta.servlet.http.HttpServlet.service(Ljakarta/servlet/http/HttpServletRequest;Ljakarta/servlet/http/HttpServletResponse;)V+35
j  org.springframework.web.servlet.FrameworkServlet.service(Ljakarta/servlet/http/HttpServletRequest;Ljakarta/servlet/http/HttpServletResponse;)V+20
j  jakarta.servlet.http.HttpServlet.service(Ljakarta/servlet/ServletRequest;Ljakarta/servlet/ServletResponse;)V+37
J 7052 c1 org.apache.catalina.core.ApplicationFilterChain.internalDoFilter(Ljakarta/servlet/ServletRequest;Ljakarta/servlet/ServletResponse;)V (386 bytes) @ 0x000001d7ec52eb9c [0x000001d7ec52e6c0+0x00000000000004dc]
J 7051 c1 org.apache.catalina.core.ApplicationFilterChain.doFilter(Ljakarta/servlet/ServletRequest;Ljakarta/servlet/ServletResponse;)V (103 bytes) @ 0x000001d7ec228824 [0x000001d7ec2287c0+0x0000000000000064]
j  org.apache.tomcat.websocket.server.WsFilter.doFilter(Ljakarta/servlet/ServletRequest;Ljakarta/servlet/ServletResponse;Ljakarta/servlet/FilterChain;)V+21
J 7052 c1 org.apache.catalina.core.ApplicationFilterChain.internalDoFilter(Ljakarta/servlet/ServletRequest;Ljakarta/servlet/ServletResponse;)V (386 bytes) @ 0x000001d7ec52f034 [0x000001d7ec52e6c0+0x0000000000000974]
J 7051 c1 org.apache.catalina.core.ApplicationFilterChain.doFilter(Ljakarta/servlet/ServletRequest;Ljakarta/servlet/ServletResponse;)V (103 bytes) @ 0x000001d7ec228824 [0x000001d7ec2287c0+0x0000000000000064]
j  org.springframework.web.filter.RequestContextFilter.doFilterInternal(Ljakarta/servlet/http/HttpServletRequest;Ljakarta/servlet/http/HttpServletResponse;Ljakarta/servlet/FilterChain;)V+21
J 7892 c1 org.springframework.web.filter.OncePerRequestFilter.doFilter(Ljakarta/servlet/ServletRequest;Ljakarta/servlet/ServletResponse;Ljakarta/servlet/FilterChain;)V (178 bytes) @ 0x000001d7ec41bd6c [0x000001d7ec41b600+0x000000000000076c]
J 7052 c1 org.apache.catalina.core.ApplicationFilterChain.internalDoFilter(Ljakarta/servlet/ServletRequest;Ljakarta/servlet/ServletResponse;)V (386 bytes) @ 0x000001d7ec52f034 [0x000001d7ec52e6c0+0x0000000000000974]
J 7051 c1 org.apache.catalina.core.ApplicationFilterChain.doFilter(Ljakarta/servlet/ServletRequest;Ljakarta/servlet/ServletResponse;)V (103 bytes) @ 0x000001d7ec228824 [0x000001d7ec2287c0+0x0000000000000064]
j  org.springframework.web.filter.FormContentFilter.doFilterInternal(Ljakarta/servlet/http/HttpServletRequest;Ljakarta/servlet/http/HttpServletResponse;Ljakarta/servlet/FilterChain;)V+38
J 7892 c1 org.springframework.web.filter.OncePerRequestFilter.doFilter(Ljakarta/servlet/ServletRequest;Ljakarta/servlet/ServletResponse;Ljakarta/servlet/FilterChain;)V (178 bytes) @ 0x000001d7ec41bd6c [0x000001d7ec41b600+0x000000000000076c]
J 7052 c1 org.apache.catalina.core.ApplicationFilterChain.internalDoFilter(Ljakarta/servlet/ServletRequest;Ljakarta/servlet/ServletResponse;)V (386 bytes) @ 0x000001d7ec52f034 [0x000001d7ec52e6c0+0x0000000000000974]
J 7051 c1 org.apache.catalina.core.ApplicationFilterChain.doFilter(Ljakarta/servlet/ServletRequest;Ljakarta/servlet/ServletResponse;)V (103 bytes) @ 0x000001d7ec228824 [0x000001d7ec2287c0+0x0000000000000064]
j  org.springframework.web.filter.CharacterEncodingFilter.doFilterInternal(Ljakarta/servlet/http/HttpServletRequest;Ljakarta/servlet/http/HttpServletResponse;Ljakarta/servlet/FilterChain;)V+53
J 7892 c1 org.springframework.web.filter.OncePerRequestFilter.doFilter(Ljakarta/servlet/ServletRequest;Ljakarta/servlet/ServletResponse;Ljakarta/servlet/FilterChain;)V (178 bytes) @ 0x000001d7ec41bd6c [0x000001d7ec41b600+0x000000000000076c]
J 7052 c1 org.apache.catalina.core.ApplicationFilterChain.internalDoFilter(Ljakarta/servlet/ServletRequest;Ljakarta/servlet/ServletResponse;)V (386 bytes) @ 0x000001d7ec52f034 [0x000001d7ec52e6c0+0x0000000000000974]
J 7051 c1 org.apache.catalina.core.ApplicationFilterChain.doFilter(Ljakarta/servlet/ServletRequest;Ljakarta/servlet/ServletResponse;)V (103 bytes) @ 0x000001d7ec228824 [0x000001d7ec2287c0+0x0000000000000064]
j  org.apache.catalina.core.StandardWrapperValve.invoke(Lorg/apache/catalina/connector/Request;Lorg/apache/catalina/connector/Response;)V+514
j  org.apache.catalina.core.StandardContextValve.invoke(Lorg/apache/catalina/connector/Request;Lorg/apache/catalina/connector/Response;)V+169
j  org.apache.catalina.authenticator.AuthenticatorBase.invoke(Lorg/apache/catalina/connector/Request;Lorg/apache/catalina/connector/Response;)V+221
j  org.apache.catalina.core.StandardHostValve.invoke(Lorg/apache/catalina/connector/Request;Lorg/apache/catalina/connector/Response;)V+131
j  org.apache.catalina.valves.ErrorReportValve.invoke(Lorg/apache/catalina/connector/Request;Lorg/apache/catalina/connector/Response;)V+6
j  org.apache.catalina.core.StandardEngineValve.invoke(Lorg/apache/catalina/connector/Request;Lorg/apache/catalina/connector/Response;)V+59
j  org.apache.catalina.connector.CoyoteAdapter.service(Lorg/apache/coyote/Request;Lorg/apache/coyote/Response;)V+188
j  org.apache.coyote.http11.Http11Processor.service(Lorg/apache/tomcat/util/net/SocketWrapperBase;)Lorg/apache/tomcat/util/net/AbstractEndpoint$Handler$SocketState;+796
j  org.apache.coyote.AbstractProcessorLight.process(Lorg/apache/tomcat/util/net/SocketWrapperBase;Lorg/apache/tomcat/util/net/SocketEvent;)Lorg/apache/tomcat/util/net/AbstractEndpoint$Handler$SocketState;+155
j  org.apache.coyote.AbstractProtocol$ConnectionHandler.process(Lorg/apache/tomcat/util/net/SocketWrapperBase;Lorg/apache/tomcat/util/net/SocketEvent;)Lorg/apache/tomcat/util/net/AbstractEndpoint$Handler$SocketState;+482
j  org.apache.tomcat.util.net.NioEndpoint$SocketProcessor.doRun()V+249
j  org.apache.tomcat.util.net.SocketProcessorBase.run()V+32
j  org.apache.tomcat.util.threads.ThreadPoolExecutor.runWorker(Lorg/apache/tomcat/util/threads/ThreadPoolExecutor$Worker;)V+92
j  org.apache.tomcat.util.threads.ThreadPoolExecutor$Worker.run()V+5
j  org.apache.tomcat.util.threads.TaskThread$WrappingRunnable.run()V+4
j  java.lang.Thread.runWith(Ljava/lang/Object;Ljava/lang/Runnable;)V+5 java.base@21.0.3
j  java.lang.Thread.run()V+19 java.base@21.0.3
v  ~StubRoutines::call_stub 0x000001d7eb6b100d

siginfo: EXCEPTION_ACCESS_VIOLATION (0xc0000005), reading address 0x000001da3d5d7f30


Registers:
RAX=0x000001d7f09c0000, RBX=0x000001d7e7c57cc0, RCX=0x000000000000000e, RDX=0x0000000000000001
RSP=0x00000099331fe1f0, RBP=0x00000099331fe380, RSI=0x000001d786ffb8e0, RDI=0x00000012660bf98e
R8 =0x000001da3d5d7f30, R9 =0x000001d7803e8b68, R10=0x000001d7eb6b0000, R11=0x00000099331fe3f8
R12=0x000001d7841c98c0, R13=0x000001d784d97a90, R14=0x000001d784da5810, R15=0x0000000000000000
RIP=0x00007ffcab5b853e, EFLAGS=0x0000000000010202


Register to memory mapping:

RAX=0x000001d7f09c0000 points into unknown readable memory: 0x0000000000000000 | 00 00 00 00 00 00 00 00
RBX=0x000001d7e7c57cc0 points into unknown readable memory: 0x00007ffcabcbd2b8 | b8 d2 cb ab fc 7f 00 00
RCX=0x000000000000000e is an unknown value
RDX=0x0000000000000001 is an unknown value
RSP=0x00000099331fe1f0 points into unknown readable memory: 0x000001d7eb85cbd2 | d2 cb 85 eb d7 01 00 00
RBP=0x00000099331fe380 points into unknown readable memory: 0x0000009900000000 | 00 00 00 00 99 00 00 00
RSI=0x000001d786ffb8e0 points into unknown readable memory: 0x00000099314ff230 | 30 f2 4f 31 99 00 00 00
RDI=0x00000012660bf98e is an unknown value
R8 =0x000001da3d5d7f30 is an unknown value
R9 =0x000001d7803e8b68 is pointing into metadata
R10=0x000001d7eb6b0000 points into unknown readable memory: 0x0000000000000006 | 06 00 00 00 00 00 00 00
R11=0x00000099331fe3f8 points into unknown readable memory: 0x00007ffcab5b29ad | ad 29 5b ab fc 7f 00 00
R12=0x000001d7841c98c0 points into unknown readable memory: 0x4c280043868bffff | ff ff 8b 86 43 00 28 4c
R13=0x000001d784d97a90 points into unknown readable memory: 0x0000000000000000 | 00 00 00 00 00 00 00 00
R14=0x000001d784da5810 points into unknown readable memory: 0x000300d2010e0202 | 02 02 0e 01 d2 00 03 00
R15=0x0 is null

Top of Stack: (sp=0x00000099331fe1f0)
0x00000099331fe1f0:   000001d7eb85cbd2 000001d78004da2b
0x00000099331fe200:   000001d786ffb8e0 00007ffcab5de192
0x00000099331fe210:   0000009933dfcc70 00007ffcab5de229
0x00000099331fe220:   0000009933dfcc70 00000099331fe550
0x00000099331fe230:   0000000000000010 00007ffcab9570c9
0x00000099331fe240:   000001d786ffb8e0 00007ffcab5de192
0x00000099331fe250:   00000099331fe310 00000099331fe550
0x00000099331fe260:   00000099331fe550 0000000000000000
0x00000099331fe270:   0000000000000001 00007ffcab5b2f5b
0x00000099331fe280:   000001d786ffbe90 000001d7803eeb28
0x00000099331fe290:   000001d786ffbe90 00000099331fe550
0x00000099331fe2a0:   0000000a00000301 000001d7803eeb28
0x00000099331fe2b0:   000001d784e89010 000001d700000003
0x00000099331fe2c0:   00000000000003d8 000001d784d97aa0
0x00000099331fe2d0:   000001d784d97e78 000001d7803eeb1a
0x00000099331fe2e0:   000001d7000000b8 000001d7803eeb28
0x00000099331fe2f0:   00007ffcabcb8fa0 00000099331fe550
0x00000099331fe300:   000001d786ffbe90 0000000400000003
0x00000099331fe310:   000001d7841c98c0 0000001300000001
0x00000099331fe320:   0000000000000043 000000010000000c
0x00000099331fe330:   000001d7fab76fb8 0000000000000000
0x00000099331fe340:   000001d78694d3bc 000001d700000002
0x00000099331fe350:   0000000300000001 0000ffff09b04000
0x00000099331fe360:   0000000604c01020 00007ffcab5de229
0x00000099331fe370:   0000000604c01020 0000000684d90013
0x00000099331fe380:   0000009900000000 0000000000000015
0x00000099331fe390:   000001d786ffb8e0 00007ffcab5de192
0x00000099331fe3a0:   0000000000000000 0000009900000003
0x00000099331fe3b0:   0000b3b8d3400048 00000099331ffa40
0x00000099331fe3c0:   000001d786ffbe90 00000000000003d8
0x00000099331fe3d0:   000001d784d97e78 00000099331fe550
0x00000099331fe3e0:   00000099331ffa40 00007ffcabaf4c70 

Instructions: (pc=0x00007ffcab5b853e)
0x00007ffcab5b843e:   38 f0 4c 01 04 c8 48 c7 42 08 00 00 00 00 44 89
0x00007ffcab5b844e:   12 49 ff 41 58 4c 01 5a 08 e9 4a ff ff ff 49 ff
0x00007ffcab5b845e:   41 50 4c 01 5a 08 e9 3d ff ff ff cc cc cc cc cc
0x00007ffcab5b846e:   cc cc 48 89 5c 24 08 57 48 83 ec 20 48 8b 01 48
0x00007ffcab5b847e:   8b fa 48 8b d9 ff 50 08 4c 8b c8 48 85 c0 74 66
0x00007ffcab5b848e:   4c 8b 40 10 4c 2b 00 48 c7 40 28 00 00 00 00 4c
0x00007ffcab5b849e:   89 43 18 48 8b 50 10 48 8b 48 08 48 8b c7 48 2b
0x00007ffcab5b84ae:   ca 48 c1 e9 03 48 3b cf 48 0f 42 c1 48 3b c7 72
0x00007ffcab5b84be:   1e 48 8d 04 c2 49 89 41 10 90 ff 43 10 48 8b c2
0x00007ffcab5b84ce:   4c 89 4b 08 48 8b 5c 24 30 48 83 c4 20 5f c3 33
0x00007ffcab5b84de:   d2 90 ff 43 10 8b c2 4c 89 4b 08 48 8b 5c 24 30
0x00007ffcab5b84ee:   48 83 c4 20 5f c3 48 8b 5c 24 30 48 83 c4 20 5f
0x00007ffcab5b84fe:   c3 cc 48 89 5c 24 08 57 48 83 ec 20 48 8b 01 48
0x00007ffcab5b850e:   8b fa 48 8b d9 ff 10 48 2b 7b 08 8b 4b 18 48 8b
0x00007ffcab5b851e:   43 20 48 c1 ef 03 48 d3 ef 40 0f b6 cf 48 8b d7
0x00007ffcab5b852e:   48 c1 ea 06 80 e1 3f 4c 8d 04 d0 ba 01 00 00 00
0x00007ffcab5b853e:   49 8b 00 48 d3 e2 48 8b c8 48 0b ca 48 3b c8 74
0x00007ffcab5b854e:   13 90 f0 49 0f b1 08 74 18 48 8b c8 48 0b ca 48
0x00007ffcab5b855e:   3b c8 75 ee 32 c0 48 8b 5c 24 30 48 83 c4 20 5f
0x00007ffcab5b856e:   c3 48 8b 5c 24 30 b0 01 48 83 c4 20 5f c3 cc cc
0x00007ffcab5b857e:   cc cc 48 89 5c 24 08 57 48 83 ec 20 4c 8b 41 30
0x00007ffcab5b858e:   48 8b da 48 8b f9 45 8b 88 80 00 00 00 41 8b 80
0x00007ffcab5b859e:   00 01 00 00 41 8b d1 2b d0 81 e2 ff ff 01 00 81
0x00007ffcab5b85ae:   fa fe ff 01 00 73 26 49 8b 80 80 01 00 00 4a 89
0x00007ffcab5b85be:   1c c8 41 8d 41 01 25 ff ff 01 00 41 89 80 80 00
0x00007ffcab5b85ce:   00 00 48 8b 5c 24 30 48 83 c4 20 5f c3 e8 f0 94
0x00007ffcab5b85de:   01 00 48 8b 57 30 44 8b 82 80 00 00 00 8b 82 00
0x00007ffcab5b85ee:   01 00 00 41 8b c8 2b c8 81 e1 ff ff 01 00 81 f9
0x00007ffcab5b85fe:   fe ff 01 00 73 1a 48 8b 82 80 01 00 00 4a 89 1c
0x00007ffcab5b860e:   c0 41 8d 40 01 25 ff ff 01 00 89 82 80 00 00 00
0x00007ffcab5b861e:   48 8b 5c 24 30 48 83 c4 20 5f c3 cc cc cc cc cc
0x00007ffcab5b862e:   cc cc 48 89 5c 24 08 57 48 83 ec 20 48 8b 79 08 


Stack slot to memory mapping:

stack at sp + 0 slots: 0x000001d7eb85cbd2 is at entry_point+498 in (nmethod*)0x000001d7eb85c810
Compiled method (c1) 10320986 5460       1       sun.nio.ch.SelectorImpl::select (35 bytes)
 total in heap  [0x000001d7eb85c810,0x000001d7eb85cc70] = 1120
 relocation     [0x000001d7eb85c970,0x000001d7eb85c9c8] = 88
 main code      [0x000001d7eb85c9e0,0x000001d7eb85cb88] = 424
 stub code      [0x000001d7eb85cb88,0x000001d7eb85cbd8] = 80
 metadata       [0x000001d7eb85cbd8,0x000001d7eb85cbe0] = 8
 scopes data    [0x000001d7eb85cbe0,0x000001d7eb85cc08] = 40
 scopes pcs     [0x000001d7eb85cc08,0x000001d7eb85cc68] = 96
 dependencies   [0x000001d7eb85cc68,0x000001d7eb85cc70] = 8
stack at sp + 1 slots: 0x000001d78004da2b is pointing into metadata
stack at sp + 2 slots: 0x000001d786ffb8e0 points into unknown readable memory: 0x00000099314ff230 | 30 f2 4f 31 99 00 00 00
stack at sp + 3 slots: 0x00007ffcab5de192 jvm.dll
stack at sp + 4 slots: 0x0000009933dfcc70 is pointing into the stack for thread: 0x000001d78698eaa0
stack at sp + 5 slots: 0x00007ffcab5de229 jvm.dll
stack at sp + 6 slots: 0x0000009933dfcc70 is pointing into the stack for thread: 0x000001d78698eaa0
stack at sp + 7 slots: 0x00000099331fe550 points into unknown readable memory: 0x0000009933dfcc68 | 68 cc df 33 99 00 00 00


---------------  P R O C E S S  ---------------

Threads class SMR info:
_java_thread_list=0x000001d7851b8e00, length=26, elements={
0x000001d7840e9d30, 0x000001d7840ec7a0, 0x000001d7840edc20, 0x000001d784118190,
0x000001d784119390, 0x000001d7840f4cf0, 0x000001d7840f7f00, 0x000001d7fac56ad0,
0x000001d784374ad0, 0x000001d784379e60, 0x000001d78437a4e0, 0x000001d784b13540,
0x000001d784dfd230, 0x000001d784e00590, 0x000001d784e334e0, 0x000001d784ed3dd0,
0x000001d784ec0b80, 0x000001d7853f7240, 0x000001d7853f7f60, 0x000001d78698dd80,
0x000001d7853f8c80, 0x000001d7853f9310, 0x000001d7853f5e90, 0x000001d78698eaa0,
0x000001d78698f7c0, 0x000001d786994680
}

Java Threads: ( => current thread )
  0x000001d7840e9d30 JavaThread "Reference Handler"          daemon [_thread_blocked, id=15060, stack(0x0000009931500000,0x0000009931600000) (1024K)]
  0x000001d7840ec7a0 JavaThread "Finalizer"                  daemon [_thread_blocked, id=25844, stack(0x0000009931600000,0x0000009931700000) (1024K)]
  0x000001d7840edc20 JavaThread "Signal Dispatcher"          daemon [_thread_blocked, id=18328, stack(0x0000009931700000,0x0000009931800000) (1024K)]
  0x000001d784118190 JavaThread "Attach Listener"            daemon [_thread_blocked, id=19804, stack(0x0000009931800000,0x0000009931900000) (1024K)]
  0x000001d784119390 JavaThread "Service Thread"             daemon [_thread_blocked, id=9572, stack(0x0000009931900000,0x0000009931a00000) (1024K)]
  0x000001d7840f4cf0 JavaThread "Monitor Deflation Thread"   daemon [_thread_blocked, id=33072, stack(0x0000009931a00000,0x0000009931b00000) (1024K)]
  0x000001d7840f7f00 JavaThread "C1 CompilerThread0"         daemon [_thread_blocked, id=36548, stack(0x0000009931b00000,0x0000009931c00000) (1024K)]
  0x000001d7fac56ad0 JavaThread "Common-Cleaner"             daemon [_thread_blocked, id=29876, stack(0x0000009931c00000,0x0000009931d00000) (1024K)]
  0x000001d784374ad0 JavaThread "JDWP Transport Listener: dt_socket" daemon [_thread_blocked, id=7636, stack(0x0000009931f00000,0x0000009932000000) (1024K)]
  0x000001d784379e60 JavaThread "JDWP Event Helper Thread"   daemon [_thread_blocked, id=16300, stack(0x0000009932000000,0x0000009932100000) (1024K)]
  0x000001d78437a4e0 JavaThread "JDWP Command Reader"        daemon [_thread_blocked, id=35564, stack(0x0000009932100000,0x0000009932200000) (1024K)]
  0x000001d784b13540 JavaThread "Notification Thread"        daemon [_thread_blocked, id=20804, stack(0x0000009932200000,0x0000009932300000) (1024K)]
  0x000001d784dfd230 JavaThread "RMI TCP Accept-0"           daemon [_thread_in_native, id=19952, stack(0x0000009932400000,0x0000009932500000) (1024K)]
  0x000001d784e00590 JavaThread "RMI TCP Accept-50127"       daemon [_thread_in_native, id=28640, stack(0x0000009932500000,0x0000009932600000) (1024K)]
  0x000001d784e334e0 JavaThread "RMI Scheduler(0)"           daemon [_thread_blocked, id=17096, stack(0x0000009932700000,0x0000009932800000) (1024K)]
  0x000001d784ed3dd0 JavaThread "JMX server connection timeout 39" daemon [_thread_blocked, id=25288, stack(0x0000009933200000,0x0000009933300000) (1024K)]
  0x000001d784ec0b80 JavaThread "RMI TCP Accept-0"           daemon [_thread_in_native, id=19848, stack(0x0000009933300000,0x0000009933400000) (1024K)]
  0x000001d7853f7240 JavaThread "mysql-cj-abandoned-connection-cleanup" daemon [_thread_blocked, id=16316, stack(0x0000009933b00000,0x0000009933c00000) (1024K)]
  0x000001d7853f7f60 JavaThread "Live Reload Server"         daemon [_thread_in_native, id=17116, stack(0x0000009933e00000,0x0000009933f00000) (1024K)]
  0x000001d78698dd80 JavaThread "DestroyJavaVM"                     [_thread_blocked, id=32116, stack(0x0000009930d00000,0x0000009930e00000) (1024K)]
  0x000001d7853f8c80 JavaThread "RMI TCP Connection(idle)"   daemon [_thread_blocked, id=22752, stack(0x0000009934600000,0x0000009934700000) (1024K)]
  0x000001d7853f9310 JavaThread "Catalina-utility-1"                [_thread_blocked, id=21376, stack(0x0000009932300000,0x0000009932400000) (1024K)]
  0x000001d7853f5e90 JavaThread "Catalina-utility-2"                [_thread_blocked, id=35828, stack(0x0000009932600000,0x0000009932700000) (1024K)]
  0x000001d78698eaa0 JavaThread "http-nio-8080-exec-4"       daemon [_thread_blocked, id=5920, stack(0x0000009933d00000,0x0000009933e00000) (1024K)]
  0x000001d78698f7c0 JavaThread "http-nio-8080-exec-6"       daemon [_thread_blocked, id=29376, stack(0x0000009934000000,0x0000009934100000) (1024K)]
  0x000001d786994680 JavaThread "Thread-19"                         [_thread_blocked, id=20172, stack(0x0000009930a00000,0x0000009930b00000) (1024K)]
Total: 26

Other Threads:
  0x000001d7e5904330 VMThread "VM Thread"                           [id=31132, stack(0x0000009931400000,0x0000009931500000) (1024K)]
  0x000001d7fac559a0 WatcherThread "VM Periodic Task Thread"        [id=30232, stack(0x0000009931300000,0x0000009931400000) (1024K)]
  0x000001d7e5903850 WorkerThread "GC Thread#0"                     [id=24836, stack(0x0000009930e00000,0x0000009930f00000) (1024K)]
  0x000001d7e5903f90 WorkerThread "GC Thread#1"                     [id=24880, stack(0x0000009932900000,0x0000009932a00000) (1024K)]
  0x000001d7e5903110 WorkerThread "GC Thread#2"                     [id=29532, stack(0x0000009932a00000,0x0000009932b00000) (1024K)]
  0x000001d784e8ad10 WorkerThread "GC Thread#3"                     [id=13784, stack(0x0000009932b00000,0x0000009932c00000) (1024K)]
  0x000001d784e8bf30 WorkerThread "GC Thread#4"                     [id=2876, stack(0x0000009932c00000,0x0000009932d00000) (1024K)]
  0x000001d784e89af0 WorkerThread "GC Thread#5"                     [id=22544, stack(0x0000009932d00000,0x0000009932e00000) (1024K)]
  0x000001d784e8a230 WorkerThread "GC Thread#6"                     [id=20012, stack(0x0000009932e00000,0x0000009932f00000) (1024K)]
  0x000001d784e88c70 WorkerThread "GC Thread#7"                     [id=34976, stack(0x0000009932f00000,0x0000009933000000) (1024K)]
  0x000001d784e88530 WorkerThread "GC Thread#8"                     [id=27220, stack(0x0000009933000000,0x0000009933100000) (1024K)]
=>0x000001d784e89010 WorkerThread "GC Thread#9"                     [id=27644, stack(0x0000009933100000,0x0000009933200000) (1024K)]
  0x000001d7e7c68b80 ConcurrentGCThread "G1 Main Marker"            [id=11384, stack(0x0000009930f00000,0x0000009931000000) (1024K)]
  0x000001d7e59046d0 WorkerThread "G1 Conc#0"                       [id=33164, stack(0x0000009931000000,0x0000009931100000) (1024K)]
  0x000001d784e8b0b0 WorkerThread "G1 Conc#1"                       [id=6336, stack(0x0000009933600000,0x0000009933700000) (1024K)]
  0x000001d784e8b450 WorkerThread "G1 Conc#2"                       [id=27312, stack(0x0000009933700000,0x0000009933800000) (1024K)]
  0x000001d7fab169f0 ConcurrentGCThread "G1 Refine#0"               [id=27736, stack(0x0000009931100000,0x0000009931200000) (1024K)]
  0x000001d7fab18720 ConcurrentGCThread "G1 Service"                [id=10376, stack(0x0000009931200000,0x0000009931300000) (1024K)]
Total: 18

Threads with active compile tasks:
C1 CompilerThread0  10320993 8755       1       org.springframework.util.ConcurrentReferenceHashMap$EntryIterator::moveToNextSegment (55 bytes)
Total: 1

VM state: at safepoint (normal execution)

VM Mutex/Monitor currently owned by a thread:  ([mutex/lock_event])
[0x00007ffcabf42128] Threads_lock - owner thread: 0x000001d7e5904330
[0x00007ffcabf42228] Heap_lock - owner thread: 0x000001d786994680

Heap address: 0x0000000603800000, size: 8136 MB, Compressed Oops mode: Zero based, Oop shift amount: 3

CDS archive(s) not mapped
Compressed class space mapped at: 0x0000000800000000-0x0000000840000000, reserved size: 1073741824
Narrow klass base: 0x0000000800000000, Narrow klass shift: 0, Narrow klass range: 0x40000000

GC Precious Log:
 CardTable entry size: 512
 Card Set container configuration: InlinePtr #cards 4 size 8 Array Of Cards #cards 32 size 80 Howl #buckets 8 coarsen threshold 7372 Howl Bitmap #cards 1024 size 144 coarsen threshold 921 Card regions per heap region 1 cards per card region 8192
 CPUs: 12 total, 12 available
 Memory: 32538M
 Large Page Support: Disabled
 NUMA Support: Disabled
 Compressed Oops: Enabled (Zero based)
 Heap Region Size: 4M
 Heap Min Capacity: 8M
 Heap Initial Capacity: 512M
 Heap Max Capacity: 8136M
 Pre-touch: Disabled
 Parallel Workers: 10
 Concurrent Workers: 3
 Concurrent Refinement Workers: 10
 Periodic GC: Disabled

Heap:
 garbage-first heap   total 57344K, used 31194K [0x0000000603800000, 0x0000000800000000)
  region size 4096K, 4 young (16384K), 1 survivors (4096K)
 Metaspace       used 56613K, committed 57408K, reserved 1114112K
  class space    used 6876K, committed 7232K, reserved 1048576K

Heap Regions: E=young(eden), S=young(survivor), O=old, HS=humongous(starts), HC=humongous(continues), CS=collection set, F=free, TAMS=top-at-mark-start, PB=parsable bottom
|   0|0x0000000603800000, 0x0000000603bfffe8, 0x0000000603c00000| 99%| O|  |TAMS 0x0000000603800000| PB 0x0000000603800000| Untracked 
|   1|0x0000000603c00000, 0x0000000603ffffc0, 0x0000000604000000| 99%| O|  |TAMS 0x0000000603c00000| PB 0x0000000603c00000| Untracked 
|   2|0x0000000604000000, 0x00000006043ffee0, 0x0000000604400000| 99%| O|  |TAMS 0x0000000604000000| PB 0x0000000604000000| Untracked 
|   3|0x0000000604400000, 0x00000006047ffff8, 0x0000000604800000| 99%| O|  |TAMS 0x0000000604400000| PB 0x0000000604400000| Untracked 
|   4|0x0000000604800000, 0x00000006049dc240, 0x0000000604c00000| 46%| O|  |TAMS 0x0000000604800000| PB 0x0000000604800000| Untracked 
|   5|0x0000000604c00000, 0x0000000604e02a90, 0x0000000605000000| 50%| O|  |TAMS 0x0000000604c00000| PB 0x0000000604c00000| Untracked 
|   6|0x0000000605000000, 0x0000000605000000, 0x0000000605400000|  0%| F|  |TAMS 0x0000000605000000| PB 0x0000000605000000| Untracked 
|   7|0x0000000605400000, 0x0000000605549aa0, 0x0000000605800000| 32%| S|  |TAMS 0x0000000605400000| PB 0x0000000605400000| Complete 
|   8|0x0000000605800000, 0x0000000605800000, 0x0000000605c00000|  0%| F|  |TAMS 0x0000000605800000| PB 0x0000000605800000| Untracked 
|   9|0x0000000605c00000, 0x0000000605c00000, 0x0000000606000000|  0%| F|  |TAMS 0x0000000605c00000| PB 0x0000000605c00000| Untracked 
|  10|0x0000000606000000, 0x0000000606000000, 0x0000000606400000|  0%| F|  |TAMS 0x0000000606000000| PB 0x0000000606000000| Untracked 
|  11|0x0000000606400000, 0x000000060654e350, 0x0000000606800000| 32%| E|  |TAMS 0x0000000606400000| PB 0x0000000606400000| Complete 
|  12|0x0000000606800000, 0x0000000606c00000, 0x0000000606c00000|100%| E|  |TAMS 0x0000000606800000| PB 0x0000000606800000| Complete 
|  13|0x0000000606c00000, 0x0000000607000000, 0x0000000607000000|100%| E|  |TAMS 0x0000000606c00000| PB 0x0000000606c00000| Complete 

Card table byte_map: [0x000001d7ef9d0000,0x000001d7f09c0000] _byte_map_base: 0x000001d7ec9b4000

Marking Bits: (CMBitMap*) 0x000001d7e7c57cc0
 Bits: [0x000001d7f09c0000, 0x000001d7f88e0000)

Polling page: 0x000001d7e5b90000

Metaspace:

Usage:
  Non-class:     48.57 MB used.
      Class:      6.71 MB used.
       Both:     55.29 MB used.

Virtual space:
  Non-class space:       64.00 MB reserved,      49.00 MB ( 77%) committed,  1 nodes.
      Class space:        1.00 GB reserved,       7.06 MB ( <1%) committed,  1 nodes.
             Both:        1.06 GB reserved,      56.06 MB (  5%) committed. 

Chunk freelists:
   Non-Class:  14.21 MB
       Class:  9.06 MB
        Both:  23.27 MB

MaxMetaspaceSize: unlimited
CompressedClassSpaceSize: 1.00 GB
Initial GC threshold: 21.00 MB
Current GC threshold: 93.44 MB
CDS: off
 - commit_granule_bytes: 65536.
 - commit_granule_words: 8192.
 - virtual_space_node_default_size: 8388608.
 - enlarge_chunks_in_place: 1.
 - use_allocation_guard: 0.


Internal statistics:

num_allocs_failed_limit: 6.
num_arena_births: 1292.
num_arena_deaths: 570.
num_vsnodes_births: 2.
num_vsnodes_deaths: 0.
num_space_committed: 897.
num_space_uncommitted: 0.
num_chunks_returned_to_freelist: 699.
num_chunks_taken_from_freelist: 3012.
num_chunk_merges: 142.
num_chunk_splits: 1771.
num_chunks_enlarged: 1135.
num_inconsistent_stats: 0.

CodeCache: size=49152Kb used=15193Kb max_used=16655Kb free=33958Kb
 bounds [0x000001d7eb6b0000, 0x000001d7ec790000, 0x000001d7ee6b0000]
 total_blobs=8075 nmethods=7405 adapters=593
 compilation: enabled
              stopped_count=0, restarted_count=0
 full_count=0

Compilation events (20 events):
Event: 10261.236 Thread 0x000001d7840f7f00 nmethod 8745 0x000001d7ebfd1e90 code [0x000001d7ebfd2040, 0x000001d7ebfd2148]
Event: 10261.236 Thread 0x000001d7840f7f00 8746       1       javax.management.remote.rmi.RMIConnectionImpl::doOperation (683 bytes)
Event: 10261.237 Thread 0x000001d7840f7f00 nmethod 8746 0x000001d7ec588510 code [0x000001d7ec588a80, 0x000001d7ec58a618]
Event: 10261.237 Thread 0x000001d7840f7f00 8747   !   1       com.sun.jmx.remote.internal.ServerCommunicatorAdmin::rspOutgoing (76 bytes)
Event: 10261.237 Thread 0x000001d7840f7f00 nmethod 8747 0x000001d7ec587290 code [0x000001d7ec587520, 0x000001d7ec587c48]
Event: 10263.494 Thread 0x000001d7840f7f00 8748       1       java.util.concurrent.atomic.AtomicInteger::getAndIncrement (12 bytes)
Event: 10263.494 Thread 0x000001d7840f7f00 nmethod 8748 0x000001d7ec147c10 code [0x000001d7ec147da0, 0x000001d7ec147e78]
Event: 10263.494 Thread 0x000001d7840f7f00 8749       1       org.apache.tomcat.util.net.AbstractEndpoint::getExecutor (5 bytes)
Event: 10263.495 Thread 0x000001d7840f7f00 nmethod 8749 0x000001d7ec15c010 code [0x000001d7ec15c1a0, 0x000001d7ec15c270]
Event: 10313.704 Thread 0x000001d7840f7f00 8750       1       org.springframework.core.ResolvableType::getRawClass (58 bytes)
Event: 10313.704 Thread 0x000001d7840f7f00 nmethod 8750 0x000001d7ec586d10 code [0x000001d7ec586ee0, 0x000001d7ec5871a8]
Event: 10313.706 Thread 0x000001d7840f7f00 8751       1       jdk.internal.misc.Unsafe::bool2byte (10 bytes)
Event: 10313.706 Thread 0x000001d7840f7f00 nmethod 8751 0x000001d7ec15d390 code [0x000001d7ec15d520, 0x000001d7ec15d5f8]
Event: 10318.716 Thread 0x000001d7840f7f00 8752       1       ch.qos.logback.classic.Level::toString (5 bytes)
Event: 10318.716 Thread 0x000001d7840f7f00 nmethod 8752 0x000001d7ec15d990 code [0x000001d7ec15db20, 0x000001d7ec15dbf0]
Event: 10320.943 Thread 0x000001d7840f7f00 8753       1       java.lang.StackTraceElement::of (30 bytes)
Event: 10320.943 Thread 0x000001d7840f7f00 nmethod 8753 0x000001d7ebfdd090 code [0x000001d7ebfdd240, 0x000001d7ebfdd360]
Event: 10320.943 Thread 0x000001d7840f7f00 8754  s    1       org.apache.catalina.util.LifecycleBase::setState (8 bytes)
Event: 10320.943 Thread 0x000001d7840f7f00 nmethod 8754 0x000001d7ebffba10 code [0x000001d7ebffbbc0, 0x000001d7ebffbd78]
Event: 10320.943 Thread 0x000001d7840f7f00 8755       1       org.springframework.util.ConcurrentReferenceHashMap$EntryIterator::moveToNextSegment (55 bytes)

GC Heap History (20 events):
Event: 7687.100 GC heap after
{Heap after GC invocations=28 (full 2):
 garbage-first heap   total 69632K, used 22306K [0x0000000603800000, 0x0000000800000000)
  region size 4096K, 1 young (4096K), 1 survivors (4096K)
 Metaspace       used 56418K, committed 57280K, reserved 1114112K
  class space    used 6837K, committed 7232K, reserved 1048576K
}
Event: 8364.585 GC heap before
{Heap before GC invocations=28 (full 2):
 garbage-first heap   total 69632K, used 55074K [0x0000000603800000, 0x0000000800000000)
  region size 4096K, 9 young (36864K), 1 survivors (4096K)
 Metaspace       used 56418K, committed 57280K, reserved 1114112K
  class space    used 6837K, committed 7232K, reserved 1048576K
}
Event: 8364.586 GC heap after
{Heap after GC invocations=29 (full 2):
 garbage-first heap   total 69632K, used 22033K [0x0000000603800000, 0x0000000800000000)
  region size 4096K, 1 young (4096K), 1 survivors (4096K)
 Metaspace       used 56418K, committed 57280K, reserved 1114112K
  class space    used 6837K, committed 7232K, reserved 1048576K
}
Event: 9042.733 GC heap before
{Heap before GC invocations=29 (full 2):
 garbage-first heap   total 69632K, used 54801K [0x0000000603800000, 0x0000000800000000)
  region size 4096K, 9 young (36864K), 1 survivors (4096K)
 Metaspace       used 56418K, committed 57280K, reserved 1114112K
  class space    used 6837K, committed 7232K, reserved 1048576K
}
Event: 9042.735 GC heap after
{Heap after GC invocations=30 (full 2):
 garbage-first heap   total 69632K, used 21969K [0x0000000603800000, 0x0000000800000000)
  region size 4096K, 1 young (4096K), 1 survivors (4096K)
 Metaspace       used 56418K, committed 57280K, reserved 1114112K
  class space    used 6837K, committed 7232K, reserved 1048576K
}
Event: 9621.861 GC heap before
{Heap before GC invocations=30 (full 2):
 garbage-first heap   total 69632K, used 54737K [0x0000000603800000, 0x0000000800000000)
  region size 4096K, 9 young (36864K), 1 survivors (4096K)
 Metaspace       used 56420K, committed 57280K, reserved 1114112K
  class space    used 6838K, committed 7232K, reserved 1048576K
}
Event: 9621.862 GC heap after
{Heap after GC invocations=31 (full 2):
 garbage-first heap   total 69632K, used 22337K [0x0000000603800000, 0x0000000800000000)
  region size 4096K, 1 young (4096K), 1 survivors (4096K)
 Metaspace       used 56420K, committed 57280K, reserved 1114112K
  class space    used 6838K, committed 7232K, reserved 1048576K
}
Event: 9969.782 GC heap before
{Heap before GC invocations=31 (full 2):
 garbage-first heap   total 69632K, used 38721K [0x0000000603800000, 0x0000000800000000)
  region size 4096K, 6 young (24576K), 1 survivors (4096K)
 Metaspace       used 56420K, committed 57280K, reserved 1114112K
  class space    used 6838K, committed 7232K, reserved 1048576K
}
Event: 9969.784 GC heap after
{Heap after GC invocations=32 (full 2):
 garbage-first heap   total 69632K, used 22567K [0x0000000603800000, 0x0000000800000000)
  region size 4096K, 1 young (4096K), 1 survivors (4096K)
 Metaspace       used 56420K, committed 57280K, reserved 1114112K
  class space    used 6838K, committed 7232K, reserved 1048576K
}
Event: 10059.200 GC heap before
{Heap before GC invocations=33 (full 2):
 garbage-first heap   total 69632K, used 30759K [0x0000000603800000, 0x0000000800000000)
  region size 4096K, 4 young (16384K), 1 survivors (4096K)
 Metaspace       used 56479K, committed 57280K, reserved 1114112K
  class space    used 6849K, committed 7232K, reserved 1048576K
}
Event: 10059.248 GC heap after
{Heap after GC invocations=34 (full 3):
 garbage-first heap   total 57344K, used 16225K [0x0000000603800000, 0x0000000800000000)
  region size 4096K, 0 young (0K), 0 survivors (0K)
 Metaspace       used 56427K, committed 57280K, reserved 1114112K
  class space    used 6835K, committed 7232K, reserved 1048576K
}
Event: 10059.476 GC heap before
{Heap before GC invocations=34 (full 3):
 garbage-first heap   total 57344K, used 48993K [0x0000000603800000, 0x0000000800000000)
  region size 4096K, 8 young (32768K), 0 survivors (0K)
 Metaspace       used 56543K, committed 57280K, reserved 1114112K
  class space    used 6865K, committed 7232K, reserved 1048576K
}
Event: 10059.478 GC heap after
{Heap after GC invocations=35 (full 3):
 garbage-first heap   total 57344K, used 19821K [0x0000000603800000, 0x0000000800000000)
  region size 4096K, 1 young (4096K), 1 survivors (4096K)
 Metaspace       used 56543K, committed 57280K, reserved 1114112K
  class space    used 6865K, committed 7232K, reserved 1048576K
}
Event: 10069.098 GC heap before
{Heap before GC invocations=35 (full 3):
 garbage-first heap   total 57344K, used 40301K [0x0000000603800000, 0x0000000800000000)
  region size 4096K, 7 young (28672K), 1 survivors (4096K)
 Metaspace       used 56699K, committed 57408K, reserved 1114112K
  class space    used 6896K, committed 7232K, reserved 1048576K
}
Event: 10069.141 GC heap after
{Heap after GC invocations=36 (full 4):
 garbage-first heap   total 57344K, used 18288K [0x0000000603800000, 0x0000000800000000)
  region size 4096K, 0 young (0K), 0 survivors (0K)
 Metaspace       used 56571K, committed 57408K, reserved 1114112K
  class space    used 6867K, committed 7232K, reserved 1048576K
}
Event: 10069.379 GC heap before
{Heap before GC invocations=36 (full 4):
 garbage-first heap   total 57344K, used 46960K [0x0000000603800000, 0x0000000800000000)
  region size 4096K, 7 young (28672K), 0 survivors (0K)
 Metaspace       used 56603K, committed 57408K, reserved 1114112K
  class space    used 6874K, committed 7232K, reserved 1048576K
}
Event: 10069.380 GC heap after
{Heap after GC invocations=37 (full 4):
 garbage-first heap   total 57344K, used 20985K [0x0000000603800000, 0x0000000800000000)
  region size 4096K, 1 young (4096K), 1 survivors (4096K)
 Metaspace       used 56603K, committed 57408K, reserved 1114112K
  class space    used 6874K, committed 7232K, reserved 1048576K
}
Event: 10185.145 GC heap before
{Heap before GC invocations=37 (full 4):
 garbage-first heap   total 57344K, used 45561K [0x0000000603800000, 0x0000000800000000)
  region size 4096K, 7 young (28672K), 1 survivors (4096K)
 Metaspace       used 56609K, committed 57408K, reserved 1114112K
  class space    used 6875K, committed 7232K, reserved 1048576K
}
Event: 10185.146 GC heap after
{Heap after GC invocations=38 (full 4):
 garbage-first heap   total 57344K, used 21665K [0x0000000603800000, 0x0000000800000000)
  region size 4096K, 1 young (4096K), 1 survivors (4096K)
 Metaspace       used 56609K, committed 57408K, reserved 1114112K
  class space    used 6875K, committed 7232K, reserved 1048576K
}
Event: 10320.943 GC heap before
{Heap before GC invocations=38 (full 4):
 garbage-first heap   total 57344K, used 29857K [0x0000000603800000, 0x0000000800000000)
  region size 4096K, 4 young (16384K), 1 survivors (4096K)
 Metaspace       used 56613K, committed 57408K, reserved 1114112K
  class space    used 6876K, committed 7232K, reserved 1048576K
}

Dll operation events (12 events):
Event: 0.021 Loaded shared library C:\spring-tool-suite-4-4.24.0.RELEASE-e4.32.0-win32.win32.x86_64.self-extracting\contents\sts-4.24.0.RELEASE\plugins\org.eclipse.justj.openjdk.hotspot.jre.full.win32.x86_64_21.0.3.v20240426-1530\jre\bin\java.dll
Event: 0.025 Loaded shared library C:\spring-tool-suite-4-4.24.0.RELEASE-e4.32.0-win32.win32.x86_64.self-extracting\contents\sts-4.24.0.RELEASE\plugins\org.eclipse.justj.openjdk.hotspot.jre.full.win32.x86_64_21.0.3.v20240426-1530\jre\bin\zip.dll
Event: 0.236 Loaded shared library C:\spring-tool-suite-4-4.24.0.RELEASE-e4.32.0-win32.win32.x86_64.self-extracting\contents\sts-4.24.0.RELEASE\plugins\org.eclipse.justj.openjdk.hotspot.jre.full.win32.x86_64_21.0.3.v20240426-1530\jre\bin\instrument.dll
Event: 0.243 Loaded shared library C:\spring-tool-suite-4-4.24.0.RELEASE-e4.32.0-win32.win32.x86_64.self-extracting\contents\sts-4.24.0.RELEASE\plugins\org.eclipse.justj.openjdk.hotspot.jre.full.win32.x86_64_21.0.3.v20240426-1530\jre\bin\net.dll
Event: 0.244 Loaded shared library C:\spring-tool-suite-4-4.24.0.RELEASE-e4.32.0-win32.win32.x86_64.self-extracting\contents\sts-4.24.0.RELEASE\plugins\org.eclipse.justj.openjdk.hotspot.jre.full.win32.x86_64_21.0.3.v20240426-1530\jre\bin\nio.dll
Event: 0.249 Loaded shared library C:\spring-tool-suite-4-4.24.0.RELEASE-e4.32.0-win32.win32.x86_64.self-extracting\contents\sts-4.24.0.RELEASE\plugins\org.eclipse.justj.openjdk.hotspot.jre.full.win32.x86_64_21.0.3.v20240426-1530\jre\bin\zip.dll
Event: 0.323 Loaded shared library C:\spring-tool-suite-4-4.24.0.RELEASE-e4.32.0-win32.win32.x86_64.self-extracting\contents\sts-4.24.0.RELEASE\plugins\org.eclipse.justj.openjdk.hotspot.jre.full.win32.x86_64_21.0.3.v20240426-1530\jre\bin\jimage.dll
Event: 0.351 Loaded shared library C:\spring-tool-suite-4-4.24.0.RELEASE-e4.32.0-win32.win32.x86_64.self-extracting\contents\sts-4.24.0.RELEASE\plugins\org.eclipse.justj.openjdk.hotspot.jre.full.win32.x86_64_21.0.3.v20240426-1530\jre\bin\management.dll
Event: 0.358 Loaded shared library C:\spring-tool-suite-4-4.24.0.RELEASE-e4.32.0-win32.win32.x86_64.self-extracting\contents\sts-4.24.0.RELEASE\plugins\org.eclipse.justj.openjdk.hotspot.jre.full.win32.x86_64_21.0.3.v20240426-1530\jre\bin\management_ext.dll
Event: 0.473 Loaded shared library C:\spring-tool-suite-4-4.24.0.RELEASE-e4.32.0-win32.win32.x86_64.self-extracting\contents\sts-4.24.0.RELEASE\plugins\org.eclipse.justj.openjdk.hotspot.jre.full.win32.x86_64_21.0.3.v20240426-1530\jre\bin\extnet.dll
Event: 0.490 Loaded shared library C:\spring-tool-suite-4-4.24.0.RELEASE-e4.32.0-win32.win32.x86_64.self-extracting\contents\sts-4.24.0.RELEASE\plugins\org.eclipse.justj.openjdk.hotspot.jre.full.win32.x86_64_21.0.3.v20240426-1530\jre\bin\verify.dll
Event: 1.045 Loaded shared library C:\spring-tool-suite-4-4.24.0.RELEASE-e4.32.0-win32.win32.x86_64.self-extracting\contents\sts-4.24.0.RELEASE\plugins\org.eclipse.justj.openjdk.hotspot.jre.full.win32.x86_64_21.0.3.v20240426-1530\jre\bin\sunmscapi.dll

Deoptimization events (20 events):
Event: 10320.942 Thread 0x000001d786994680 DEOPT PACKING pc=0x000001d7ebe7342c sp=0x0000009930afc350
Event: 10320.942 Thread 0x000001d786994680 DEOPT UNPACKING pc=0x000001d7eb704e42 sp=0x0000009930afb910 mode 1
Event: 10320.942 Thread 0x000001d786994680 DEOPT PACKING pc=0x000001d7ebe6ff6c sp=0x0000009930afc4b0
Event: 10320.942 Thread 0x000001d786994680 DEOPT UNPACKING pc=0x000001d7eb704e42 sp=0x0000009930afb9e8 mode 1
Event: 10320.942 Thread 0x000001d786994680 DEOPT PACKING pc=0x000001d7ebe70f74 sp=0x0000009930afc5a0
Event: 10320.942 Thread 0x000001d786994680 DEOPT UNPACKING pc=0x000001d7eb704e42 sp=0x0000009930afbb50 mode 1
Event: 10320.942 Thread 0x000001d786994680 DEOPT PACKING pc=0x000001d7ebe7342c sp=0x0000009930afc710
Event: 10320.942 Thread 0x000001d786994680 DEOPT UNPACKING pc=0x000001d7eb704e42 sp=0x0000009930afbcd0 mode 1
Event: 10320.943 Thread 0x000001d7853f9310 DEOPT PACKING pc=0x000001d7eb86accc sp=0x00000099323ff060
Event: 10320.943 Thread 0x000001d7853f9310 DEOPT UNPACKING pc=0x000001d7eb704e42 sp=0x00000099323fe600 mode 1
Event: 10320.943 Thread 0x000001d7869904e0 DEOPT PACKING pc=0x000001d7eb878434 sp=0x00000099334fef00
Event: 10320.943 Thread 0x000001d7853f9310 DEOPT PACKING pc=0x000001d7eb867f6c sp=0x00000099323ff1d0
Event: 10320.943 Thread 0x000001d7869904e0 DEOPT UNPACKING pc=0x000001d7eb704e42 sp=0x00000099334fe3e8 mode 1
Event: 10320.943 Thread 0x000001d7853f9310 DEOPT UNPACKING pc=0x000001d7eb704e42 sp=0x00000099323fe728 mode 1
Event: 10320.943 Thread 0x000001d7853f9310 DEOPT PACKING pc=0x000001d7eb86780c sp=0x00000099323ff300
Event: 10320.943 Thread 0x000001d7853f9310 DEOPT UNPACKING pc=0x000001d7eb704e42 sp=0x00000099323fe790 mode 1
Event: 10320.943 Thread 0x000001d7853f5e90 DEOPT PACKING pc=0x000001d7eb86accc sp=0x00000099326fefc0
Event: 10320.943 Thread 0x000001d7853f5e90 DEOPT UNPACKING pc=0x000001d7eb704e42 sp=0x00000099326fe560 mode 1
Event: 10320.943 Thread 0x000001d7853f9310 DEOPT PACKING pc=0x000001d7eb86ce1c sp=0x00000099323ff330
Event: 10320.943 Thread 0x000001d7853f9310 DEOPT UNPACKING pc=0x000001d7eb704e42 sp=0x00000099323fe830 mode 1

Classes loaded (20 events):
Event: 298.236 Loading class sun/net/ConnectionResetException
Event: 298.236 Loading class sun/net/ConnectionResetException done
Event: 298.242 Loading class java/util/WeakHashMap$KeyIterator
Event: 298.242 Loading class java/util/WeakHashMap$HashIterator
Event: 298.242 Loading class java/util/WeakHashMap$HashIterator done
Event: 298.242 Loading class java/util/WeakHashMap$KeyIterator done
Event: 298.257 Loading class java/lang/ref/Finalizer$2
Event: 298.258 Loading class java/lang/ref/Finalizer$2 done
Event: 298.258 Loading class java/lang/ref/Finalizer$1
Event: 298.258 Loading class java/lang/ref/Finalizer$1 done
Event: 298.407 Loading class java/util/WeakHashMap$EntrySet
Event: 298.407 Loading class java/util/WeakHashMap$EntrySet done
Event: 298.407 Loading class java/util/WeakHashMap$EntryIterator
Event: 298.407 Loading class java/util/WeakHashMap$EntryIterator done
Event: 320.133 Loading class java/lang/Throwable$WrappedPrintWriter
Event: 320.133 Loading class java/lang/Throwable$WrappedPrintWriter done
Event: 9969.812 Loading class jdk/internal/loader/BootLoader$PackageHelper
Event: 9969.812 Loading class jdk/internal/loader/BootLoader$PackageHelper done
Event: 10059.497 Loading class java/time/DurationEditor
Event: 10059.497 Loading class java/time/DurationEditor done

Classes unloaded (20 events):
Event: 10069.112 Thread 0x000001d7e5904330 Unloading class 0x0000000800585c00 'java/lang/invoke/LambdaForm$MH+0x0000000800585c00'
Event: 10069.112 Thread 0x000001d7e5904330 Unloading class 0x0000000800585800 'java/lang/invoke/LambdaForm$MH+0x0000000800585800'
Event: 10069.112 Thread 0x000001d7e5904330 Unloading class 0x0000000800584400 'java/lang/invoke/LambdaForm$MH+0x0000000800584400'
Event: 10069.112 Thread 0x000001d7e5904330 Unloading class 0x0000000800559800 'java/lang/invoke/LambdaForm$MH+0x0000000800559800'
Event: 10069.112 Thread 0x000001d7e5904330 Unloading class 0x0000000800559400 'java/lang/invoke/LambdaForm$MH+0x0000000800559400'
Event: 10069.112 Thread 0x000001d7e5904330 Unloading class 0x0000000800559000 'java/lang/invoke/LambdaForm$MH+0x0000000800559000'
Event: 10069.112 Thread 0x000001d7e5904330 Unloading class 0x0000000800558800 'java/lang/invoke/LambdaForm$MH+0x0000000800558800'
Event: 10069.112 Thread 0x000001d7e5904330 Unloading class 0x00000008004e5000 'java/lang/invoke/LambdaForm$MH+0x00000008004e5000'
Event: 10069.112 Thread 0x000001d7e5904330 Unloading class 0x00000008004e4c00 'java/lang/invoke/LambdaForm$MH+0x00000008004e4c00'
Event: 10069.112 Thread 0x000001d7e5904330 Unloading class 0x0000000800498c00 'java/lang/invoke/LambdaForm$MH+0x0000000800498c00'
Event: 10069.112 Thread 0x000001d7e5904330 Unloading class 0x000000080047b400 'java/lang/invoke/LambdaForm$MH+0x000000080047b400'
Event: 10069.112 Thread 0x000001d7e5904330 Unloading class 0x000000080047a400 'java/lang/invoke/LambdaForm$MH+0x000000080047a400'
Event: 10069.112 Thread 0x000001d7e5904330 Unloading class 0x0000000800479c00 'java/lang/invoke/LambdaForm$MH+0x0000000800479c00'
Event: 10069.112 Thread 0x000001d7e5904330 Unloading class 0x0000000800464800 'java/lang/invoke/LambdaForm$MH+0x0000000800464800'
Event: 10069.112 Thread 0x000001d7e5904330 Unloading class 0x000000080045d400 'java/lang/invoke/LambdaForm$MH+0x000000080045d400'
Event: 10069.112 Thread 0x000001d7e5904330 Unloading class 0x0000000800454400 'java/lang/invoke/LambdaForm$MH+0x0000000800454400'
Event: 10069.112 Thread 0x000001d7e5904330 Unloading class 0x0000000800295400 'java/lang/invoke/LambdaForm$MH+0x0000000800295400'
Event: 10069.113 Thread 0x000001d7e5904330 Unloading class 0x000000080014b400 'java/lang/invoke/LambdaForm$MH+0x000000080014b400'
Event: 10069.113 Thread 0x000001d7e5904330 Unloading class 0x000000080014b000 'java/lang/invoke/LambdaForm$MH+0x000000080014b000'
Event: 10069.113 Thread 0x000001d7e5904330 Unloading class 0x0000000800000400 'java/lang/invoke/LambdaForm$MH+0x0000000800000400'

Classes redefined (1 events):
Event: 297.031 Thread 0x000001d7e5904330 redefined class name=com.moon.mProject.board.controller.BoardForumController, count=1

Internal exceptions (20 events):
Event: 10059.419 Thread 0x000001d786991f20 Exception <a 'java/lang/NoClassDefFoundError'{0x0000000605a34348}: org/quartz/Scheduler> (0x0000000605a34348) 
thrown [s\src\hotspot\share\oops\constantPool.cpp, line 873]
Event: 10059.419 Thread 0x000001d786991f20 Exception <a 'java/lang/NoClassDefFoundError'{0x0000000605a349c8}: org/springframework/session/jdbc/JdbcIndexedSessionRepository> (0x0000000605a349c8) 
thrown [s\src\hotspot\share\oops\constantPool.cpp, line 873]
Event: 10059.447 Thread 0x000001d786991f20 Exception <a 'java/lang/NoSuchMethodError'{0x00000006057ee990}: 'int java.lang.invoke.DirectMethodHandle$Holder.invokeVirtual(java.lang.Object, java.lang.Object, java.lang.Object, java.lang.Object)'> (0x00000006057ee990) 
thrown [s\src\hotspot\share\interpreter\linkResolver.cpp, line 773]
Event: 10059.447 Thread 0x000001d786991f20 Exception <a 'java/lang/NoSuchMethodError'{0x00000006057f1f58}: 'int java.lang.invoke.DelegatingMethodHandle$Holder.reinvoke_L(java.lang.Object, java.lang.Object, java.lang.Object, java.lang.Object)'> (0x00000006057f1f58) 
thrown [s\src\hotspot\share\interpreter\linkResolver.cpp, line 773]
Event: 10059.453 Thread 0x000001d786991f20 Exception <a 'java/io/FileNotFoundException'{0x000000060503ccc8}> (0x000000060503ccc8) 
thrown [s\src\hotspot\share\prims\jni.cpp, line 520]
Event: 10059.460 Thread 0x000001d786991f20 Exception <a 'java/io/FileNotFoundException'{0x000000060514e770}> (0x000000060514e770) 
thrown [s\src\hotspot\share\prims\jni.cpp, line 520]
Event: 10059.591 Thread 0x000001d7853f85f0 Exception <a 'java/lang/NoSuchMethodError'{0x0000000605f1a3a8}: static [B.<clinit>()V> (0x0000000605f1a3a8) 
thrown [s\src\hotspot\share\prims\jni.cpp, line 1111]
Event: 10069.098 Thread 0x000001d78698eaa0 Exception <a 'java/lang/InterruptedException'{0x00000006058e6f18}: sleep interrupted> (0x00000006058e6f18) 
thrown [s\src\hotspot\share\prims\jvm.cpp, line 3074]
Event: 10069.148 Thread 0x000001d7853f78d0 Exception <a 'sun/nio/fs/WindowsException'{0x0000000606c6de10}> (0x0000000606c6de10) 
thrown [s\src\hotspot\share\prims\jni.cpp, line 520]
Event: 10069.275 Thread 0x000001d7853f78d0 Exception <a 'java/lang/NoClassDefFoundError'{0x0000000605871180}: org/flywaydb/core/Flyway> (0x0000000605871180) 
thrown [s\src\hotspot\share\oops\constantPool.cpp, line 873]
Event: 10069.335 Thread 0x000001d7853f78d0 Exception <a 'java/lang/NoClassDefFoundError'{0x00000006058717e0}: liquibase/integration/spring/SpringLiquibase> (0x00000006058717e0) 
thrown [s\src\hotspot\share\oops\constantPool.cpp, line 873]
Event: 10069.337 Thread 0x000001d7853f78d0 Exception <a 'java/lang/NoClassDefFoundError'{0x00000006058bd6a8}: org/jooq/DSLContext> (0x00000006058bd6a8) 
thrown [s\src\hotspot\share\oops\constantPool.cpp, line 873]
Event: 10069.337 Thread 0x000001d7853f78d0 Exception <a 'java/lang/NoClassDefFoundError'{0x00000006058bef90}: jakarta/persistence/EntityManagerFactory> (0x00000006058bef90) 
thrown [s\src\hotspot\share\oops\constantPool.cpp, line 873]
Event: 10069.338 Thread 0x000001d7853f78d0 Exception <a 'java/lang/NoClassDefFoundError'{0x00000006058bf600}: org/springframework/batch/core/repository/JobRepository> (0x00000006058bf600) 
thrown [s\src\hotspot\share\oops\constantPool.cpp, line 873]
Event: 10069.338 Thread 0x000001d7853f78d0 Exception <a 'java/lang/NoClassDefFoundError'{0x00000006058bfc58}: org/quartz/Scheduler> (0x00000006058bfc58) 
thrown [s\src\hotspot\share\oops\constantPool.cpp, line 873]
Event: 10069.338 Thread 0x000001d7853f78d0 Exception <a 'java/lang/NoClassDefFoundError'{0x00000006058c02d8}: org/springframework/session/jdbc/JdbcIndexedSessionRepository> (0x00000006058c02d8) 
thrown [s\src\hotspot\share\oops\constantPool.cpp, line 873]
Event: 10069.361 Thread 0x000001d7853f78d0 Exception <a 'java/io/FileNotFoundException'{0x00000006055c4ff0}> (0x00000006055c4ff0) 
thrown [s\src\hotspot\share\prims\jni.cpp, line 520]
Event: 10069.367 Thread 0x000001d7853f78d0 Exception <a 'java/io/FileNotFoundException'{0x00000006056d6310}> (0x00000006056d6310) 
thrown [s\src\hotspot\share\prims\jni.cpp, line 520]
Event: 10198.742 Thread 0x000001d786993960 Exception <a 'java/io/IOException'{0x0000000606eb02c8}> (0x0000000606eb02c8) 
thrown [s\src\hotspot\share\prims\jni.cpp, line 520]
Event: 10320.943 Thread 0x000001d7869904e0 Exception <a 'java/lang/InterruptedException'{0x00000006065430c8}: sleep interrupted> (0x00000006065430c8) 
thrown [s\src\hotspot\share\prims\jvm.cpp, line 3074]

ZGC Phase Switch (0 events):
No events

VM Operations (20 events):
Event: 10312.741 Executing VM operation: get/set locals done
Event: 10312.741 Executing VM operation: get/set locals
Event: 10312.741 Executing VM operation: get/set locals done
Event: 10312.741 Executing VM operation: get/set locals
Event: 10312.741 Executing VM operation: get/set locals done
Event: 10312.741 Executing VM operation: get/set locals
Event: 10312.741 Executing VM operation: get/set locals done
Event: 10312.742 Executing VM operation: get/set locals
Event: 10312.742 Executing VM operation: get/set locals done
Event: 10312.742 Executing VM operation: get/set locals
Event: 10312.742 Executing VM operation: get/set locals done
Event: 10313.787 Executing VM operation: get/set locals
Event: 10313.787 Executing VM operation: get/set locals done
Event: 10313.788 Executing VM operation: get/set locals
Event: 10313.788 Executing VM operation: get/set locals done
Event: 10313.788 Executing VM operation: get/set locals
Event: 10313.788 Executing VM operation: get/set locals done
Event: 10313.788 Executing VM operation: get/set locals
Event: 10313.788 Executing VM operation: get/set locals done
Event: 10320.943 Executing VM operation: G1CollectFull (System.gc())

Events (20 events):
Event: 10106.313 Thread 0x000001d78584e370 Thread added: 0x000001d78584e370
Event: 10111.313 Thread 0x000001d78584e370 Thread exited: 0x000001d78584e370
Event: 10111.314 Thread 0x000001d786ee16e0 Thread exited: 0x000001d786ee16e0
Event: 10116.327 Thread 0x000001d786217a00 Thread exited: 0x000001d786217a00
Event: 10149.602 Thread 0x000001d7853f6520 Thread exited: 0x000001d7853f6520
Event: 10149.602 Thread 0x000001d7853f85f0 Thread exited: 0x000001d7853f85f0
Event: 10149.602 Thread 0x000001d78698e410 Thread exited: 0x000001d78698e410
Event: 10313.703 Thread 0x000001d786994680 Thread added: 0x000001d786994680
Event: 10313.703 Thread 0x000001d786992c40 Thread exited: 0x000001d786992c40
Event: 10313.706 Thread 0x000001d7869925b0 Thread exited: 0x000001d7869925b0
Event: 10313.706 Thread 0x000001d786991f20 Thread exited: 0x000001d786991f20
Event: 10313.707 Thread 0x000001d786991200 Thread exited: 0x000001d786991200
Event: 10313.707 Thread 0x000001d78698d060 Thread exited: 0x000001d78698d060
Event: 10313.707 Thread 0x000001d78698fe50 Thread exited: 0x000001d78698fe50
Event: 10313.707 Thread 0x000001d78698f130 Thread exited: 0x000001d78698f130
Event: 10313.707 Thread 0x000001d786991890 Thread exited: 0x000001d786991890
Event: 10313.707 Thread 0x000001d786990b70 Thread exited: 0x000001d786990b70
Event: 10313.707 Thread 0x000001d786993ff0 Thread exited: 0x000001d786993ff0
Event: 10313.707 Thread 0x000001d786993960 Thread exited: 0x000001d786993960
Event: 10320.943 Thread 0x000001d7869904e0 Thread exited: 0x000001d7869904e0


Dynamic libraries:
0x00007ff795850000 - 0x00007ff79585e000 	C:\spring-tool-suite-4-4.24.0.RELEASE-e4.32.0-win32.win32.x86_64.self-extracting\contents\sts-4.24.0.RELEASE\plugins\org.eclipse.justj.openjdk.hotspot.jre.full.win32.x86_64_21.0.3.v20240426-1530\jre\bin\javaw.exe
0x00007ffd10670000 - 0x00007ffd10868000 	C:\Windows\SYSTEM32\ntdll.dll
0x00007ffd0fb20000 - 0x00007ffd0fbe1000 	C:\Windows\System32\KERNEL32.DLL
0x00007ffd0e0c0000 - 0x00007ffd0e3bd000 	C:\Windows\System32\KERNELBASE.dll
0x00007ffd0e460000 - 0x00007ffd0e560000 	C:\Windows\System32\ucrtbase.dll
0x00007ffcf5180000 - 0x00007ffcf519b000 	C:\spring-tool-suite-4-4.24.0.RELEASE-e4.32.0-win32.win32.x86_64.self-extracting\contents\sts-4.24.0.RELEASE\plugins\org.eclipse.justj.openjdk.hotspot.jre.full.win32.x86_64_21.0.3.v20240426-1530\jre\bin\VCRUNTIME140.dll
0x00007ffcfab10000 - 0x00007ffcfab28000 	C:\spring-tool-suite-4-4.24.0.RELEASE-e4.32.0-win32.win32.x86_64.self-extracting\contents\sts-4.24.0.RELEASE\plugins\org.eclipse.justj.openjdk.hotspot.jre.full.win32.x86_64_21.0.3.v20240426-1530\jre\bin\jli.dll
0x00007ffd100d0000 - 0x00007ffd1026d000 	C:\Windows\System32\USER32.dll
0x00007ffd0e430000 - 0x00007ffd0e452000 	C:\Windows\System32\win32u.dll
0x00007ffd0fa40000 - 0x00007ffd0fa6b000 	C:\Windows\System32\GDI32.dll
0x00007ffd0dd20000 - 0x00007ffd0de37000 	C:\Windows\System32\gdi32full.dll
0x00007ffd0e020000 - 0x00007ffd0e0bd000 	C:\Windows\System32\msvcp_win.dll
0x00007ffd05260000 - 0x00007ffd054fa000 	C:\Windows\WinSxS\amd64_microsoft.windows.common-controls_6595b64144ccf1df_6.0.19041.4355_none_60b8b9eb71f62e16\COMCTL32.dll
0x00007ffd0f2f0000 - 0x00007ffd0f38e000 	C:\Windows\System32\msvcrt.dll
0x00007ffd0f920000 - 0x00007ffd0f94f000 	C:\Windows\System32\IMM32.DLL
0x00007ffcef9b0000 - 0x00007ffcef9bc000 	C:\spring-tool-suite-4-4.24.0.RELEASE-e4.32.0-win32.win32.x86_64.self-extracting\contents\sts-4.24.0.RELEASE\plugins\org.eclipse.justj.openjdk.hotspot.jre.full.win32.x86_64_21.0.3.v20240426-1530\jre\bin\vcruntime140_1.dll
0x00007ffce5f60000 - 0x00007ffce5fee000 	C:\spring-tool-suite-4-4.24.0.RELEASE-e4.32.0-win32.win32.x86_64.self-extracting\contents\sts-4.24.0.RELEASE\plugins\org.eclipse.justj.openjdk.hotspot.jre.full.win32.x86_64_21.0.3.v20240426-1530\jre\bin\msvcp140.dll
0x00007ffcab2a0000 - 0x00007ffcac022000 	C:\spring-tool-suite-4-4.24.0.RELEASE-e4.32.0-win32.win32.x86_64.self-extracting\contents\sts-4.24.0.RELEASE\plugins\org.eclipse.justj.openjdk.hotspot.jre.full.win32.x86_64_21.0.3.v20240426-1530\jre\bin\server\jvm.dll
0x00007ffd0fbf0000 - 0x00007ffd0fca0000 	C:\Windows\System32\ADVAPI32.dll
0x00007ffd0f000000 - 0x00007ffd0f0a0000 	C:\Windows\System32\sechost.dll
0x00007ffd10350000 - 0x00007ffd10473000 	C:\Windows\System32\RPCRT4.dll
0x00007ffd0dff0000 - 0x00007ffd0e017000 	C:\Windows\System32\bcrypt.dll
0x00007ffd0fd00000 - 0x00007ffd0fd6b000 	C:\Windows\System32\WS2_32.dll
0x00007ffd0d2a0000 - 0x00007ffd0d2eb000 	C:\Windows\SYSTEM32\POWRPROF.dll
0x00007ffcfd310000 - 0x00007ffcfd337000 	C:\Windows\SYSTEM32\WINMM.dll
0x00007ffd05aa0000 - 0x00007ffd05aaa000 	C:\Windows\SYSTEM32\VERSION.dll
0x00007ffd0d110000 - 0x00007ffd0d122000 	C:\Windows\SYSTEM32\UMPDC.dll
0x00007ffd0bbc0000 - 0x00007ffd0bbd2000 	C:\Windows\SYSTEM32\kernel.appcore.dll
0x00007ffd0b110000 - 0x00007ffd0b11a000 	C:\spring-tool-suite-4-4.24.0.RELEASE-e4.32.0-win32.win32.x86_64.self-extracting\contents\sts-4.24.0.RELEASE\plugins\org.eclipse.justj.openjdk.hotspot.jre.full.win32.x86_64_21.0.3.v20240426-1530\jre\bin\jimage.dll
0x00007ffcf21f0000 - 0x00007ffcf23d4000 	C:\Windows\SYSTEM32\DBGHELP.DLL
0x00007ffcf21b0000 - 0x00007ffcf21e4000 	C:\Windows\SYSTEM32\dbgcore.DLL
0x00007ffd0e560000 - 0x00007ffd0e5e2000 	C:\Windows\System32\bcryptPrimitives.dll
0x00007ffce7620000 - 0x00007ffce765c000 	C:\spring-tool-suite-4-4.24.0.RELEASE-e4.32.0-win32.win32.x86_64.self-extracting\contents\sts-4.24.0.RELEASE\plugins\org.eclipse.justj.openjdk.hotspot.jre.full.win32.x86_64_21.0.3.v20240426-1530\jre\bin\jdwp.dll
0x00007ffd0b1b0000 - 0x00007ffd0b1bf000 	C:\spring-tool-suite-4-4.24.0.RELEASE-e4.32.0-win32.win32.x86_64.self-extracting\contents\sts-4.24.0.RELEASE\plugins\org.eclipse.justj.openjdk.hotspot.jre.full.win32.x86_64_21.0.3.v20240426-1530\jre\bin\instrument.dll
0x00007ffd06c00000 - 0x00007ffd06c1f000 	C:\spring-tool-suite-4-4.24.0.RELEASE-e4.32.0-win32.win32.x86_64.self-extracting\contents\sts-4.24.0.RELEASE\plugins\org.eclipse.justj.openjdk.hotspot.jre.full.win32.x86_64_21.0.3.v20240426-1530\jre\bin\java.dll
0x00007ffcfadc0000 - 0x00007ffcfadd8000 	C:\spring-tool-suite-4-4.24.0.RELEASE-e4.32.0-win32.win32.x86_64.self-extracting\contents\sts-4.24.0.RELEASE\plugins\org.eclipse.justj.openjdk.hotspot.jre.full.win32.x86_64_21.0.3.v20240426-1530\jre\bin\zip.dll
0x00007ffd0e6b0000 - 0x00007ffd0ee1f000 	C:\Windows\System32\SHELL32.dll
0x00007ffd0bdc0000 - 0x00007ffd0c55f000 	C:\Windows\SYSTEM32\windows.storage.dll
0x00007ffd0fd70000 - 0x00007ffd100c3000 	C:\Windows\System32\combase.dll
0x00007ffd0d740000 - 0x00007ffd0d76e000 	C:\Windows\SYSTEM32\Wldp.dll
0x00007ffd0ee40000 - 0x00007ffd0ef0d000 	C:\Windows\System32\OLEAUT32.dll
0x00007ffd0fa70000 - 0x00007ffd0fb1d000 	C:\Windows\System32\SHCORE.dll
0x00007ffd0f160000 - 0x00007ffd0f1b5000 	C:\Windows\System32\shlwapi.dll
0x00007ffd0dc50000 - 0x00007ffd0dc74000 	C:\Windows\SYSTEM32\profapi.dll
0x00007ffcfade0000 - 0x00007ffcfadeb000 	C:\spring-tool-suite-4-4.24.0.RELEASE-e4.32.0-win32.win32.x86_64.self-extracting\contents\sts-4.24.0.RELEASE\plugins\org.eclipse.justj.openjdk.hotspot.jre.full.win32.x86_64_21.0.3.v20240426-1530\jre\bin\dt_socket.dll
0x00007ffd0d130000 - 0x00007ffd0d16b000 	C:\Windows\SYSTEM32\IPHLPAPI.DLL
0x00007ffd0d4a0000 - 0x00007ffd0d50a000 	C:\Windows\System32\mswsock.dll
0x00007ffd0d170000 - 0x00007ffd0d23a000 	C:\Windows\SYSTEM32\DNSAPI.dll
0x00007ffd0fa30000 - 0x00007ffd0fa38000 	C:\Windows\System32\NSI.dll
0x00007ffd075e0000 - 0x00007ffd07660000 	C:\Windows\System32\fwpuclnt.dll
0x00007ffd06fe0000 - 0x00007ffd06fea000 	C:\Windows\System32\rasadhlp.dll
0x00007ffd06df0000 - 0x00007ffd06e00000 	C:\spring-tool-suite-4-4.24.0.RELEASE-e4.32.0-win32.win32.x86_64.self-extracting\contents\sts-4.24.0.RELEASE\plugins\org.eclipse.justj.openjdk.hotspot.jre.full.win32.x86_64_21.0.3.v20240426-1530\jre\bin\net.dll
0x00007ffd08e90000 - 0x00007ffd08f9d000 	C:\Windows\SYSTEM32\WINHTTP.dll
0x00007ffcfad30000 - 0x00007ffcfad46000 	C:\spring-tool-suite-4-4.24.0.RELEASE-e4.32.0-win32.win32.x86_64.self-extracting\contents\sts-4.24.0.RELEASE\plugins\org.eclipse.justj.openjdk.hotspot.jre.full.win32.x86_64_21.0.3.v20240426-1530\jre\bin\nio.dll
0x00007ffd06c30000 - 0x00007ffd06c3a000 	C:\spring-tool-suite-4-4.24.0.RELEASE-e4.32.0-win32.win32.x86_64.self-extracting\contents\sts-4.24.0.RELEASE\plugins\org.eclipse.justj.openjdk.hotspot.jre.full.win32.x86_64_21.0.3.v20240426-1530\jre\bin\management.dll
0x00007ffd06c20000 - 0x00007ffd06c2b000 	C:\spring-tool-suite-4-4.24.0.RELEASE-e4.32.0-win32.win32.x86_64.self-extracting\contents\sts-4.24.0.RELEASE\plugins\org.eclipse.justj.openjdk.hotspot.jre.full.win32.x86_64_21.0.3.v20240426-1530\jre\bin\management_ext.dll
0x00007ffd0e6a0000 - 0x00007ffd0e6a8000 	C:\Windows\System32\PSAPI.DLL
0x00007ffcf04f0000 - 0x00007ffcf0507000 	C:\Windows\system32\napinsp.dll
0x00007ffcf0510000 - 0x00007ffcf052b000 	C:\Windows\system32\pnrpnsp.dll
0x00007ffcdfe50000 - 0x00007ffcdfe65000 	C:\Windows\system32\wshbth.dll
0x00007ffd0b0a0000 - 0x00007ffd0b0bd000 	C:\Windows\system32\NLAapi.dll
0x00007ffd02240000 - 0x00007ffd02252000 	C:\Windows\System32\winrnr.dll
0x00007ffd0d690000 - 0x00007ffd0d6a8000 	C:\Windows\SYSTEM32\CRYPTSP.dll
0x00007ffd0cd50000 - 0x00007ffd0cd84000 	C:\Windows\system32\rsaenh.dll
0x00007ffd0dbc0000 - 0x00007ffd0dbee000 	C:\Windows\SYSTEM32\USERENV.dll
0x00007ffd0d6b0000 - 0x00007ffd0d6bc000 	C:\Windows\SYSTEM32\CRYPTBASE.dll
0x00007ffcfab60000 - 0x00007ffcfab69000 	C:\spring-tool-suite-4-4.24.0.RELEASE-e4.32.0-win32.win32.x86_64.self-extracting\contents\sts-4.24.0.RELEASE\plugins\org.eclipse.justj.openjdk.hotspot.jre.full.win32.x86_64_21.0.3.v20240426-1530\jre\bin\extnet.dll
0x00007ffd06ba0000 - 0x00007ffd06bb0000 	C:\spring-tool-suite-4-4.24.0.RELEASE-e4.32.0-win32.win32.x86_64.self-extracting\contents\sts-4.24.0.RELEASE\plugins\org.eclipse.justj.openjdk.hotspot.jre.full.win32.x86_64_21.0.3.v20240426-1530\jre\bin\verify.dll
0x00007ffcfada0000 - 0x00007ffcfadae000 	C:\spring-tool-suite-4-4.24.0.RELEASE-e4.32.0-win32.win32.x86_64.self-extracting\contents\sts-4.24.0.RELEASE\plugins\org.eclipse.justj.openjdk.hotspot.jre.full.win32.x86_64_21.0.3.v20240426-1530\jre\bin\sunmscapi.dll
0x00007ffd0de40000 - 0x00007ffd0df9e000 	C:\Windows\System32\CRYPT32.dll
0x00007ffd0d7b0000 - 0x00007ffd0d7d9000 	C:\Windows\SYSTEM32\ncrypt.dll
0x00007ffd0d770000 - 0x00007ffd0d7ab000 	C:\Windows\SYSTEM32\NTASN1.dll
0x00007ffcfac80000 - 0x00007ffcfac87000 	C:\Windows\system32\wshunix.dll

dbghelp: loaded successfully - version: 4.0.5 - missing functions: none
symbol engine: initialized successfully - sym options: 0x614 - pdb path: .;C:\spring-tool-suite-4-4.24.0.RELEASE-e4.32.0-win32.win32.x86_64.self-extracting\contents\sts-4.24.0.RELEASE\plugins\org.eclipse.justj.openjdk.hotspot.jre.full.win32.x86_64_21.0.3.v20240426-1530\jre\bin;C:\Windows\SYSTEM32;C:\Windows\WinSxS\amd64_microsoft.windows.common-controls_6595b64144ccf1df_6.0.19041.4355_none_60b8b9eb71f62e16;C:\spring-tool-suite-4-4.24.0.RELEASE-e4.32.0-win32.win32.x86_64.self-extracting\contents\sts-4.24.0.RELEASE\plugins\org.eclipse.justj.openjdk.hotspot.jre.full.win32.x86_64_21.0.3.v20240426-1530\jre\bin\server

VM Arguments:
jvm_args: -Djava.net.preferIPv4Stack=true -XX:+ShowCodeDetailsInExceptionMessages -agentlib:jdwp=transport=dt_socket,suspend=y,address=localhost:50128 -Dcom.sun.management.jmxremote -Dcom.sun.management.jmxremote.port=50127 -Dcom.sun.management.jmxremote.authenticate=false -Dcom.sun.management.jmxremote.ssl=false -Djava.rmi.server.hostname=localhost -Dspring.jmx.enabled=true -Dmanagement.endpoints.jmx.exposure.include=* -Dspring.application.admin.enabled=true -XX:TieredStopAtLevel=1 -Dspring.boot.project.name=mProject -javaagent:C:\spring-tool-suite-4-4.24.0.RELEASE-e4.32.0-win32.win32.x86_64.self-extracting\contents\sts-4.24.0.RELEASE\configuration\org.eclipse.osgi\270\0\.cp\lib\javaagent-shaded.jar -Dfile.encoding=UTF-8 -Dstdout.encoding=UTF-8 -Dstderr.encoding=UTF-8 
java_command: com.moon.mProject.MProjectApplication --spring.output.ansi.enabled=always
java_class_path (initial): C:\Users\user\Documents\workspace-spring-tool-suite-4-4.24.0.RELEASE\mProject\target\classes;C:\Users\user\.m2\repository\org\springframework\boot\spring-boot-starter-web\3.3.3\spring-boot-starter-web-3.3.3.jar;C:\Users\user\.m2\repository\org\springframework\boot\spring-boot-starter\3.3.3\spring-boot-starter-3.3.3.jar;C:\Users\user\.m2\repository\org\springframework\boot\spring-boot-starter-logging\3.3.3\spring-boot-starter-logging-3.3.3.jar;C:\Users\user\.m2\repository\ch\qos\logback\logback-classic\1.5.7\logback-classic-1.5.7.jar;C:\Users\user\.m2\repository\ch\qos\logback\logback-core\1.5.7\logback-core-1.5.7.jar;C:\Users\user\.m2\repository\org\apache\logging\log4j\log4j-to-slf4j\2.23.1\log4j-to-slf4j-2.23.1.jar;C:\Users\user\.m2\repository\org\apache\logging\log4j\log4j-api\2.23.1\log4j-api-2.23.1.jar;C:\Users\user\.m2\repository\org\slf4j\jul-to-slf4j\2.0.16\jul-to-slf4j-2.0.16.jar;C:\Users\user\.m2\repository\jakarta\annotation\jakarta.annotation-api\2.1.1\jakarta.annotation-api-2.1.1.jar;C:\Users\user\.m2\repository\org\yaml\snakeyaml\2.2\snakeyaml-2.2.jar;C:\Users\user\.m2\repository\org\springframework\boot\spring-boot-starter-json\3.3.3\spring-boot-starter-json-3.3.3.jar;C:\Users\user\.m2\repository\com\fasterxml\jackson\core\jackson-databind\2.17.2\jackson-databind-2.17.2.jar;C:\Users\user\.m2\repository\com\fasterxml\jackson\core\jackson-annotations\2.17.2\jackson-annotations-2.17.2.jar;C:\Users\user\.m2\repository\com\fasterxml\jackson\core\jackson-core\2.17.2\jackson-core-2.17.2.jar;C:\Users\user\.m2\repository\com\fasterxml\jackson\datatype\jackson-datatype-jdk8\2.17.2\jackson-datatype-jdk8-2.17.2.jar;C:\Users\user\.m2\repository\com\fasterxml\jackson\datatype\jackson-datatype-jsr310\2.17.2\jackson-datatype-jsr310-2.17.2.jar;C:\Users\user\.m2\repository\com\fasterxml\jackson\module\jackson-module-parameter-names\2.17.2\jackson-module-parameter-names-2.17.2.jar;C:\Users\user\.m2\repository\org\springframework\boot\spring-boot-starter-tomcat\3.3.3\spring-boot-starter-tomcat-3.3.3.jar;C:\Users\user\.m2\repository\org\apache\tomcat\embed\tomcat-embed-core\10.1.28\tomcat-embed-core-10.1.28.jar;C:\Users\user\.m2\repository\org\apache\tomcat\embed\tomcat-embed-el\10.1.28\tomcat-embed-el-10.1.28.jar;C:\Users\user\.m2\repository\org\apache\tomcat\embed\tomcat-embed-websocket\10.1.28\tomcat-embed-websocket-10.1.28.jar;C:\Users\user\.m2\repository\org\springframework\spring-web\6.1.12\spring-web-6.1.12.jar;C:\Users\user\.m2\repository\io\micrometer\micrometer-observation\1.13.3\micrometer-observation-1.13.3.jar;C:\Users\user\.m2\repository\io\micrometer\micrometer-commons\1.13.3\micrometer-commons-1.13.3.jar;C:\Users\user\.m2\repository\org\springframework\spring-webmvc\6.1.12\spring-webmvc-6.1.12.jar;C:\Users\user\.m2\repository\org\springframework\spring-aop\6.1.12\spring-aop-6.1.12.jar;C:\Users\user\.m2\repository\org\springframework\spring-context\6.1.12\spring-context-6.1.12.jar;C:\Users\user\.m2\repository\org\springframework\spring-expression\6.1.12\spring-expression-6.1.12.jar;C:\Users\user\.m2\repository\org\springframework\boot\spring-boot-devtools\3.3.3\spring-boot-devtools-3.3.3.jar;C:\Users\user\.m2\repository\org\springframework\boot\spring-boot\3.3.3\spring-boot-3.3.3.jar;C:\Users\user\.m2\repository\org\springframework\boot\spring-boot-autoconfigure\3.3.3\spring-boot-autoconfigure-3.3.3.jar;C:\Users\user\.m2\repository\org\mybatis\spring\boot\mybatis-spring-boot-starter\3.0.3\mybatis-spring-boot-starter-3.0.3.jar;C:\Users\user\.m2\repository\org\springframework\boot\spring-boot-starter-jdbc\3.3.3\spring-boot-starter-jdbc-3.3.3.jar;C:\Users\user\.m2\repository\com\zaxxer\HikariCP\5.1.0\HikariCP-5.1.0.jar;C:\Users\user\.m2\repository\org\mybatis\spring\boot\mybatis-spring-boot-autoconfigure\3.0.3\mybatis-spring-boot-autoconfigure-3.0.3.jar;C:\Users\user\.m2\repository\org\mybatis\mybatis\3.5.14\mybatis-3.5.14.jar;C:\Users\user\.m2\repository\org\mybatis\mybatis-spring\3.0.3\mybatis-spring-3.0.3.jar;C:\Users\user\.m2\repository\org\springframework\spring-jdbc\6.1.10\spring-jdbc-6.1.10.jar;C:\Users\user\.m2\repository\org\springframework\spring-beans\6.1.12\spring-beans-6.1.12.jar;C:\Users\user\.m2\repository\org\springframework\spring-core\6.1.12\spring-core-6.1.12.jar;C:\Users\user\.m2\repository\org\springframework\spring-jcl\6.1.12\spring-jcl-6.1.12.jar;C:\Users\user\.m2\repository\org\springframework\spring-tx\6.1.12\spring-tx-6.1.12.jar;C:\Users\user\.m2\repository\com\mysql\mysql-connector-j\8.0.32\mysql-connector-j-8.0.32.jar;C:\Users\user\.m2\repository\org\projectlombok\lombok\1.18.30\lombok-1.18.30.jar;C:\Users\user\.m2\repository\org\slf4j\slf4j-api\2.0.16\slf4j-api-2.0.16.jar
Launcher Type: SUN_STANDARD

[Global flags]
     intx CICompilerCount                          = 4                                         {product} {ergonomic}
     uint ConcGCThreads                            = 3                                         {product} {ergonomic}
     uint G1ConcRefinementThreads                  = 10                                        {product} {ergonomic}
   size_t G1HeapRegionSize                         = 4194304                                   {product} {ergonomic}
    uintx GCDrainStackTargetSize                   = 64                                        {product} {ergonomic}
   size_t InitialHeapSize                          = 536870912                                 {product} {ergonomic}
     bool ManagementServer                         = true                                      {product} {command line}
   size_t MarkStackSize                            = 4194304                                   {product} {ergonomic}
   size_t MaxHeapSize                              = 8531214336                                {product} {ergonomic}
   size_t MaxNewSize                               = 5117050880                                {product} {ergonomic}
   size_t MinHeapDeltaBytes                        = 4194304                                   {product} {ergonomic}
   size_t MinHeapSize                              = 8388608                                   {product} {ergonomic}
    uintx NonNMethodCodeHeapSize                   = 4096                                   {pd product} {ergonomic}
    uintx NonProfiledCodeHeapSize                  = 0                                      {pd product} {ergonomic}
     bool ProfileInterpreter                       = false                                  {pd product} {command line}
    uintx ProfiledCodeHeapSize                     = 0                                      {pd product} {ergonomic}
     bool ShowCodeDetailsInExceptionMessages       = true                                   {manageable} {command line}
   size_t SoftMaxHeapSize                          = 8531214336                             {manageable} {ergonomic}
     intx TieredStopAtLevel                        = 1                                         {product} {command line}
     bool UseCompressedOops                        = true                           {product lp64_product} {ergonomic}
     bool UseG1GC                                  = true                                      {product} {ergonomic}
     bool UseLargePagesIndividualAllocation        = false                                  {pd product} {ergonomic}

Logging:
Log output configuration:
 #0: stdout all=warning uptime,level,tags foldmultilines=false
 #1: stderr all=off uptime,level,tags foldmultilines=false

Environment Variables:
JAVA_HOME=C:\Program Files (x86)\Java\jdk1.5.0_22;
JAVA_TOOL_OPTIONS=-Djava.net.preferIPv4Stack=true
CLASSPATH=C:\Program Files (x86)\Java\jdk1.5.0_22;\lib
PATH=C:\spring-tool-suite-4-4.24.0.RELEASE-e4.32.0-win32.win32.x86_64.self-extracting\contents\sts-4.24.0.RELEASE\plugins\org.eclipse.justj.openjdk.hotspot.jre.full.win32.x86_64_21.0.3.v20240426-1530\jre\bin;C:/spring-tool-suite-4-4.24.0.RELEASE-e4.32.0-win32.win32.x86_64.self-extracting/contents/sts-4.24.0.RELEASE//plugins/org.eclipse.justj.openjdk.hotspot.jre.full.win32.x86_64_21.0.3.v20240426-1530/jre/bin/server;C:/spring-tool-suite-4-4.24.0.RELEASE-e4.32.0-win32.win32.x86_64.self-extracting/contents/sts-4.24.0.RELEASE//plugins/org.eclipse.justj.openjdk.hotspot.jre.full.win32.x86_64_21.0.3.v20240426-1530/jre/bin;C:\Program Files\Common Files\Oracle\Java\javapath;C:\Program Files (x86)\Java\jdk1.5.0_22\bin;C:\app\client\user\product\12.2.0\client_1\bin;C:\ProgramData\Oracle\Java\javapath;C:\Windows\system32;C:\Windows;C:\Windows\System32\Wbem;C:\Windows\System32\WindowsPowerShell\v1.0\;C:\Windows\System32\OpenSSH\;C:\Program Files (x86)\Java\jdk1.5.0_22;\bin;D:\app\oracle_client;C:\Program Files\VisualSVN Server\bin;C:\BigLook\bin\external\php;C:\BigLook\bin\external\rats-2.1;C:\BigLook\bin\external\curl;C:\Program Files (x86)\Cppcheck;C:\BigLook\bin\external\svn-win32-1.7.14\bin;C:\Program Files\Git\cmd;C:\Users\user\AppData\Local\Microsoft\WindowsApps;C:\Users\user\AppData\Local\Programs\Microsoft VS Code\bin;C:\Program Files (x86)\Gallio\bin;C:\spring-tool-suite-4-4.24.0.RELEASE-e4.32.0-win32.win32.x86_64.self-extracting\contents\sts-4.24.0.RELEASE;
USERNAME=user
OS=Windows_NT
PROCESSOR_IDENTIFIER=Intel64 Family 6 Model 151 Stepping 5, GenuineIntel
TMP=C:\Users\user\AppData\Local\Temp
TEMP=C:\Users\user\AppData\Local\Temp




Periodic native trim disabled

---------------  S Y S T E M  ---------------

OS:
 Windows 10 , 64 bit Build 19041 (10.0.19041.4717)
OS uptime: 5 days 22:12 hours

CPU: total 12 (initial active 12) (6 cores per cpu, 2 threads per core) family 6 model 151 stepping 5 microcode 0x26, cx8, cmov, fxsr, ht, mmx, 3dnowpref, sse, sse2, sse3, ssse3, sse4.1, sse4.2, popcnt, lzcnt, tsc, tscinvbit, avx, avx2, aes, erms, clmul, bmi1, bmi2, adx, sha, fma, vzeroupper, clflush, clflushopt, clwb, serialize, rdtscp, rdpid, fsrm, f16c, pku, cet_ibt, cet_ss
Processor Information for all 12 processors :
  Max Mhz: 2500, Current Mhz: 2500, Mhz Limit: 2500

Memory: 4k page, system-wide physical 32538M (17471M free)
TotalPageFile size 37402M (AvailPageFile size 20004M)
current process WorkingSet (physical memory assigned to process): 202M, peak: 303M
current process commit charge ("private bytes"): 237M, peak: 630M

vm_info: OpenJDK 64-Bit Server VM (21.0.3+9-LTS) for windows-amd64 JRE (21.0.3+9-LTS), built on 2024-04-16T00:00:00Z by "admin" with MS VC++ 17.7 (VS2022)

END.
