#
# A fatal error has been detected by the Java Runtime Environment:
#
#  EXCEPTION_ACCESS_VIOLATION (0xc0000005) at pc=0x000001fbf95b0fa4, pid=9360, tid=26908
#
# JRE version: OpenJDK Runtime Environment Temurin-21.0.3+9 (21.0.3+9) (build 21.0.3+9-LTS)
# Java VM: OpenJDK 64-Bit Server VM Temurin-21.0.3+9 (21.0.3+9-LTS, mixed mode, emulated-client, tiered, compressed oops, compressed class ptrs, g1 gc, windows-amd64)
# Problematic frame:
# v  ~BufferBlob::MethodHandles adapters 0x000001fbf95b0fa4
#
# No core dump will be written. Minidumps are not enabled by default on client versions of Windows
#
# If you would like to submit a bug report, please visit:
#   https://github.com/adoptium/adoptium-support/issues
#

---------------  S U M M A R Y ------------

Command Line: -Djava.net.preferIPv4Stack=true -XX:+ShowCodeDetailsInExceptionMessages -agentlib:jdwp=transport=dt_socket,suspend=y,address=localhost:63531 -Dcom.sun.management.jmxremote -Dcom.sun.management.jmxremote.port=63530 -Dcom.sun.management.jmxremote.authenticate=false -Dcom.sun.management.jmxremote.ssl=false -Djava.rmi.server.hostname=localhost -Dspring.jmx.enabled=true -Dmanagement.endpoints.jmx.exposure.include=* -Dspring.application.admin.enabled=true -XX:TieredStopAtLevel=1 -Dspring.boot.project.name=mProject -javaagent:C:\spring-tool-suite-4-4.24.0.RELEASE-e4.32.0-win32.win32.x86_64.self-extracting\contents\sts-4.24.0.RELEASE\configuration\org.eclipse.osgi\270\0\.cp\lib\javaagent-shaded.jar -Dfile.encoding=UTF-8 -Dstdout.encoding=UTF-8 -Dstderr.encoding=UTF-8 com.moon.mProject.MProjectApplication --spring.output.ansi.enabled=always

Host: 12th Gen Intel(R) Core(TM) i5-12400, 12 cores, 31G,  Windows 10 , 64 bit Build 19041 (10.0.19041.4717)
Time: Tue Sep 10 15:00:18 2024  Windows 10 , 64 bit Build 19041 (10.0.19041.4717) elapsed time: 528.934359 seconds (0d 0h 8m 48s)

---------------  T H R E A D  ---------------

Current thread (0x000001fb906e62d0):  JavaThread "http-nio-8080-exec-1" daemon [_thread_in_Java, id=26908, stack(0x0000008f91300000,0x0000008f91400000) (1024K)]

Stack: [0x0000008f91300000,0x0000008f91400000],  sp=0x0000008f913fd3d8,  free space=1012k
Native frames: (J=compiled Java code, j=interpreted, Vv=VM code, C=native code)
C  0x000001fbf95b0fa4

The last pc belongs to _linkToVirtual (printed below).

siginfo: EXCEPTION_ACCESS_VIOLATION (0xc0000005), reading address 0xffffffffffffffff


Registers:
RAX=0x000001fbf958958b, RBX=0x0000000606c0b430, RCX=0x0000008f913fd3e8, RDX=0x0000000000000003
RSP=0x0000008f913fd3d8, RBP=0x0000008f913fd430, RSI=0x000001fb8f094ef8, RDI=0x000001fb8e33e100
R8 =0x0000000000000004, R9 =0x0000000000000004, R10=0x000000088b3f4273, R11=0xc0d8168900000000
R12=0x0000000000000000, R13=0x0000008f913fd3d8, R14=0x0000008f913fd458, R15=0x000001fb906e62d0
RIP=0x000001fbf95b0fa4, EFLAGS=0x0000000000010202


Register to memory mapping:

RAX=0x000001fbf958958b is at code_begin+4363 in an Interpreter codelet
return entry points  [0x000001fbf9588480, 0x000001fbf958a298]  7704 bytes
RBX=0x0000000606c0b430 is an oop: java.lang.String 
{0x0000000606c0b430} - klass: 'java/lang/String'
 - string: "1"
 - ---- fields (total size 3 words):
 - private 'hash' 'I' @12  0 (0x00000000)
 - private final 'coder' 'B' @16  0 (0x00)
 - private 'hashIsZero' 'Z' @17  false (0x00)
 - injected 'flags' 'B' @18  0 (0x00)
 - private final 'value' '[B' @20  [B{0x0000000606c0b448} (0xc0d81689)
RCX=0x0000008f913fd3e8 is pointing into the stack for thread: 0x000001fb906e62d0
RDX=0x0000000000000003 is an unknown value
RSP=0x0000008f913fd3d8 is pointing into the stack for thread: 0x000001fb906e62d0
RBP=0x0000008f913fd430 is pointing into the stack for thread: 0x000001fb906e62d0
RSI=0x000001fb8f094ef8 points into unknown readable memory: 0x8800166fc742fb65 | 65 fb 42 c7 6f 16 00 88
RDI=0x000001fb8e33e100 points into unknown readable memory: 0x0000002000000070 | 70 00 00 00 20 00 00 00
R8 =0x0000000000000004 is an unknown value
R9 =0x0000000000000004 is an unknown value
R10=0x000000088b3f4273 is an unknown value
R11=0xc0d8168900000000 is an unknown value
R12=0x0 is null
R13=0x0000008f913fd3d8 is pointing into the stack for thread: 0x000001fb906e62d0
R14=0x0000008f913fd458 is pointing into the stack for thread: 0x000001fb906e62d0
R15=0x000001fb906e62d0 is a thread

Top of Stack: (sp=0x0000008f913fd3d8)
0x0000008f913fd3d8:   000001fbf958958b 0000000605623c50
0x0000008f913fd3e8:   0000008f913fd3e8 000001fb8b3f4273
0x0000008f913fd3f8:   0000000000000005 000001fb8b3f43c0
0x0000008f913fd408:   0000000606c25e68 0000000603c69390
0x0000008f913fd418:   000001fb8b3f4280 0000008f913fd3d8
0x0000008f913fd428:   0000008f913fd460 0000008f913fd798
0x0000008f913fd438:   000001fbf98c5f37 0000000606c259d8
0x0000008f913fd448:   0000000606c0b430 0000000605623c50
0x0000008f913fd458:   0000000606c25b28 0000000605429e20
0x0000008f913fd468:   000001fbf97fb71e 0000008f913fd5f0
0x0000008f913fd478:   0000000605429e20 0000000606c25e38
0x0000008f913fd488:   0000000605623c50 0000000606c25de8
0x0000008f913fd498:   0000000606c0b430 0000000606c0b430
0x0000008f913fd4a8:   0000000606c25cf0 0000000606c25b28
0x0000008f913fd4b8:   0000000605623c50 000001fbf98c5e54
0x0000008f913fd4c8:   0000000000000000 0000008f913fd798
0x0000008f913fd4d8:   000001fbf9f96d2a 000001fbf958958b
0x0000008f913fd4e8:   0000000606c25e38 0000000606c25e68
0x0000008f913fd4f8:   0000008f913fd4f8 000001fb8a204177
0x0000008f913fd508:   0000000000000004 000001fb8a2053a0
0x0000008f913fd518:   0000000000000000 000000060389b9e0
0x0000008f913fd528:   000001fb8a2041e8 0000000000000000
0x0000008f913fd538:   0000008f913fd558 0000008f913fd5b0
0x0000008f913fd548:   000001fbf958958b 0000000606c25e38
0x0000008f913fd558:   0000000000000000 0000000606c25e68
0x0000008f913fd568:   0000008f913fd568 000001fb8a1b3e34
0x0000008f913fd578:   0000000000000006 000001fb8a1b64e8
0x0000008f913fd588:   0000000000000000 0000000606c25e68
0x0000008f913fd598:   0000000606c1fcc0 0000000605623c50
0x0000008f913fd5a8:   0000008f913fd5f0 0000008f913fd798
0x0000008f913fd5b8:   000001fbf9d6138c 0000000000000000
0x0000008f913fd5c8:   0000000605436a08 0000000000000001 

Instructions: (pc=0x000001fbf95b0fa4)
0x000001fbf95b0ea4:   fb 01 00 00 00 0f 5b f9 fb 01 00 00 80 1f 5b f9
0x000001fbf95b0eb4:   fb 01 00 00 f0 0e 5b f9 fb 01 00 00 f0 0e 5b f9
0x000001fbf95b0ec4:   fb 01 00 00 00 00 00 00 00 00 00 00 d8 e6 c9 ab
0x000001fbf95b0ed4:   fc 7f 00 00 f0 10 00 00 60 00 00 00 ff ff ff ff
0x000001fbf95b0ee4:   f0 10 00 00 00 00 00 00 00 00 00 00 00 00 00 00
0x000001fbf95b0ef4:   00 00 00 00 00 00 00 00 00 00 00 00 f4 66 66 66
0x000001fbf95b0f04:   0f 1f 84 00 00 00 00 00 66 66 66 90 66 66 66 0f
0x000001fbf95b0f14:   1f 84 00 00 00 00 00 66 66 66 90 90 48 8b 53 08
0x000001fbf95b0f24:   0f b7 52 2e 48 8b 0c d4 8b 59 14 48 c1 e3 03 8b
0x000001fbf95b0f34:   5b 28 48 c1 e3 03 8b 5b 24 48 c1 e3 03 48 8b 5b
0x000001fbf95b0f44:   10 48 85 db 0f 84 10 00 00 00 41 80 bf e0 05 00
0x000001fbf95b0f54:   00 00 74 03 ff 63 38 ff 63 50 e9 9d 16 00 00 66
0x000001fbf95b0f64:   66 66 0f 1f 84 00 00 00 00 00 66 66 66 90 66 66
0x000001fbf95b0f74:   0f 1f 84 00 00 00 00 00 66 66 66 90 48 8b 53 08
0x000001fbf95b0f84:   0f b7 52 2e 48 8b 0c d4 58 5b 50 44 8b 51 08 49
0x000001fbf95b0f94:   bb 00 00 00 00 08 00 00 00 4d 03 d3 4c 8b 5b 10
0x000001fbf95b0fa4:   4b 8b 9c da c8 01 00 00 48 85 db 0f 84 10 00 00
0x000001fbf95b0fb4:   00 41 80 bf e0 05 00 00 00 74 03 ff 63 38 ff 63
0x000001fbf95b0fc4:   50 e9 36 16 00 00 66 66 66 0f 1f 84 00 00 00 00
0x000001fbf95b0fd4:   00 66 66 66 90 0f 1f 80 00 00 00 00 58 5b 50 8b
0x000001fbf95b0fe4:   5b 24 48 c1 e3 03 48 8b 5b 10 48 85 db 0f 84 10
0x000001fbf95b0ff4:   00 00 00 41 80 bf e0 05 00 00 00 74 03 ff 63 38
0x000001fbf95b1004:   ff 63 50 e9 f4 15 00 00 66 66 66 0f 1f 84 00 00
0x000001fbf95b1014:   00 00 00 66 66 66 90 0f 1f 44 00 00 48 8b 53 08
0x000001fbf95b1024:   0f b7 52 2e 48 8b 0c d4 58 5b 50 48 3b 01 8b 5b
0x000001fbf95b1034:   24 48 c1 e3 03 48 8b 5b 10 48 85 db 0f 84 10 00
0x000001fbf95b1044:   00 00 41 80 bf e0 05 00 00 00 74 03 ff 63 38 ff
0x000001fbf95b1054:   63 50 e9 a5 15 00 00 0f 1f 44 00 00 48 8b 53 08
0x000001fbf95b1064:   0f b7 52 2e 48 8b 0c d4 58 5b 50 44 8b 51 08 49
0x000001fbf95b1074:   bb 00 00 00 00 08 00 00 00 4d 03 d3 8b 43 18 48
0x000001fbf95b1084:   c1 e0 03 48 8b 40 10 48 8b 5b 10 45 8b 9a a0 00
0x000001fbf95b1094:   00 00 4f 8d 9c da c8 01 00 00 4d 8d 14 da 49 8b 


Stack slot to memory mapping:

stack at sp + 0 slots: 0x000001fbf958958b is at code_begin+4363 in an Interpreter codelet
return entry points  [0x000001fbf9588480, 0x000001fbf958a298]  7704 bytes
stack at sp + 1 slots: 0x0000000605623c50 is an oop: com.moon.mProject.board.controller.BoardForumController 
{0x0000000605623c50} - klass: 'com/moon/mProject/board/controller/BoardForumController'
 - ---- fields (total size 2 words):
 - private 'boardForumService' 'Lcom/moon/mProject/board/service/BoardForumService;' @12  a 'com/moon/mProject/board/serviceImpl/BoardForumServiceImpl'{0x0000000605623c60} (0xc0ac478c)
stack at sp + 2 slots: 0x0000008f913fd3e8 is pointing into the stack for thread: 0x000001fb906e62d0
stack at sp + 3 slots: 0x000001fb8b3f4273 is pointing into metadata
stack at sp + 4 slots: 0x0000000000000005 is an unknown value
stack at sp + 5 slots: 0x000001fb8b3f43c0 is pointing into metadata
stack at sp + 6 slots: 0x0000000606c25e68 is an oop: jdk.internal.reflect.DirectMethodHandleAccessor 
{0x0000000606c25e68} - klass: 'jdk/internal/reflect/DirectMethodHandleAccessor'
 - ---- fields (total size 4 words):
 - private final 'paramCount' 'I' @12  1 (0x00000001)
 - private final 'flags' 'I' @16  0 (0x00000000)
 - private final 'declaringClass' 'Ljava/lang/Class;' @20  a 'java/lang/Class'{0x0000000605429e20} = 'com/moon/mProject/board/controller/BoardForumController' (0xc0a853c4)
 - private final 'target' 'Ljava/lang/invoke/MethodHandle;' @24  a 'java/lang/invoke/BoundMethodHandle$Species_LLL'{0x0000000606c25e38} (0xc0d84bc7)
stack at sp + 7 slots: 0x0000000603c69390 is an oop: java.lang.Class 
{0x0000000603c69390} - klass: 'java/lang/Class'
 - ---- fields (total size 15 words):
 - private volatile transient 'classRedefinedCount' 'I' @12  0 (0x00000000)
 - injected 'klass' 'J' @16  34362572800 (0x00000008002b4000)
 - injected 'array_klass' 'J' @24  0 (0x0000000000000000)
 - injected 'oop_size' 'I' @32  15 (0x0000000f)
 - injected 'static_oop_field_count' 'I' @36  1 (0x00000001)
 - private volatile transient 'cachedConstructor' 'Ljava/lang/reflect/Constructor;' @40  null (0x00000000)
 - private transient 'name' 'Ljava/lang/String;' @44  null (0x00000000)
 - private transient 'module' 'Ljava/lang/Module;' @48  a 'java/lang/Module'{0x00000006038d45f8} (0xc071a8bf)
 - private final 'classLoader' 'Ljava/lang/ClassLoader;' @52  null (0x00000000)
 - private transient 'classData' 'Ljava/lang/Object;' @56  a 'java/lang/invoke/LambdaForm'{0x0000000603c7b158} => a 'java/lang/invoke/MemberName'{0x0000000603c7b288} = {method} {0x000001fb8b3f4288} 'invokeVirtual' '(Ljava/lang/Object;Ljava/lang/Object;Ljava/lang/Object;)Ljava/lang/Object;' in 'java/lang/invoke/LambdaForm$DMH+0x00000008002b4000' (0xc078f62b)
 - private transient 'packageName' 'Ljava/lang/String;' @60  null (0x00000000)
 - private final 'componentType' 'Ljava/lang/Class;' @64  null (0x00000000)
 - private volatile transient 'reflectionData' 'Ljava/lang/ref/SoftReference;' @68  null (0x00000000)
 - private volatile transient 'genericInfo' 'Lsun/reflect/generics/repository/ClassRepository;' @72  null (0x00000000)
 - private volatile transient 'enumConstants' '[Ljava/lang/Object;' @76  null (0x00000000)
 - private volatile transient 'enumConstantDirectory' 'Ljava/util/Map;' @80  null (0x00000000)
 - private volatile transient 'annotationData' 'Ljava/lang/Class$AnnotationData;' @84  null (0x00000000)
 - private volatile transient 'annotationType' 'Lsun/reflect/annotation/AnnotationType;' @88  null (0x00000000)
 - transient 'classValueMap' 'Ljava/lang/ClassValue$ClassValueMap;' @92  null (0x00000000)
 - injected 'protection_domain' 'Ljava/lang/Object;' @96  null (0x00000000)
 - injected 'signers_name' 'Ljava/lang/Object;' @100  null (0x00000000)
 - injected 'source_file' 'Ljava/lang/Object;' @104  null (0x00000000)
 - signature: Ljava/lang/invoke/LambdaForm$DMH+0x00000008002b4000;
 - ---- static fields (1):
 - static final '_D_0' 'Ljava/lang/invoke/LambdaForm;' @112  a 'java/lang/invoke/LambdaForm'{0x0000000603c7b158} => a 'java/lang/invoke/MemberName'{0x0000000603c7b288} = {method} {0x000001fb8b3f4288} 'invokeVirtual' '(Ljava/lang/Object;Ljava/lang/Object;Ljava/lang/Object;)Ljava/lang/Object;' in 'java/lang/invoke/LambdaForm$DMH+0x00000008002b4000' (0xc078f62b)

MethodHandle::interpreter_entry::_linkToVirtual [0x000001fbf95b0f63, 0x000001fbf95b0fca] (103 bytes)
[MachCode]
  0x000001fbf95b0f63: 6666 660f | 1f84 0000 | 0000 0066 | 6666 9066 | 660f 1f84 | 0000 0000 | 0066 6666 | 9048 8b53 
  0x000001fbf95b0f83: 080f b752 | 2e48 8b0c | d458 5b50 | 448b 5108 | 49bb 0000 | 0000 0800 | 0000 4d03 | d34c 8b5b 
  0x000001fbf95b0fa3: 104b 8b9c | dac8 0100 | 0048 85db | 0f84 1000 | 0000 4180 | bfe0 0500 | 0000 7403 | ff63 38ff 
  0x000001fbf95b0fc3: 6350 e936 | 
[/MachCode]

---------------  P R O C E S S  ---------------

Threads class SMR info:
_java_thread_list=0x000001fb90d9a2d0, length=29, elements={
0x000001fb8e0e4d90, 0x000001fb8e0e7800, 0x000001fb8e0f2310, 0x000001fb8e1115d0,
0x000001fb8e112030, 0x000001fb8e0ef780, 0x000001fb8e0efdf0, 0x000001fb8e1e0630,
0x000001fb8e365340, 0x000001fb8e3699e0, 0x000001fb8e36c180, 0x000001fb8e1df910,
0x000001fb8e1e1350, 0x000001fb8e1dffa0, 0x000001fb8e1e19e0, 0x000001fb8e1de560,
0x000001fb8e1debf0, 0x000001fb8f48dbf0, 0x000001fb8f48b490, 0x000001fb906e7680,
0x000001fb8f48c840, 0x000001fb8f48a0e0, 0x000001fb8f48ae00, 0x000001fb8f488010,
0x000001fb906e5c40, 0x000001fb906e4890, 0x000001fb906e4f20, 0x000001fb906e62d0,
0x000001fb8f4893c0
}

Java Threads: ( => current thread )
  0x000001fb8e0e4d90 JavaThread "Reference Handler"          daemon [_thread_blocked, id=20580, stack(0x0000008f8ef00000,0x0000008f8f000000) (1024K)]
  0x000001fb8e0e7800 JavaThread "Finalizer"                  daemon [_thread_blocked, id=17744, stack(0x0000008f8f000000,0x0000008f8f100000) (1024K)]
  0x000001fb8e0f2310 JavaThread "Signal Dispatcher"          daemon [_thread_blocked, id=5416, stack(0x0000008f8f100000,0x0000008f8f200000) (1024K)]
  0x000001fb8e1115d0 JavaThread "Attach Listener"            daemon [_thread_blocked, id=24360, stack(0x0000008f8f200000,0x0000008f8f300000) (1024K)]
  0x000001fb8e112030 JavaThread "Service Thread"             daemon [_thread_blocked, id=31132, stack(0x0000008f8f300000,0x0000008f8f400000) (1024K)]
  0x000001fb8e0ef780 JavaThread "Monitor Deflation Thread"   daemon [_thread_blocked, id=32912, stack(0x0000008f8f400000,0x0000008f8f500000) (1024K)]
  0x000001fb8e0efdf0 JavaThread "C1 CompilerThread0"         daemon [_thread_blocked, id=11024, stack(0x0000008f8f500000,0x0000008f8f600000) (1024K)]
  0x000001fb8e1e0630 JavaThread "Common-Cleaner"             daemon [_thread_blocked, id=20080, stack(0x0000008f8f600000,0x0000008f8f700000) (1024K)]
  0x000001fb8e365340 JavaThread "JDWP Transport Listener: dt_socket" daemon [_thread_blocked, id=19184, stack(0x0000008f8f800000,0x0000008f8f900000) (1024K)]
  0x000001fb8e3699e0 JavaThread "JDWP Event Helper Thread"   daemon [_thread_blocked, id=25072, stack(0x0000008f8f900000,0x0000008f8fa00000) (1024K)]
  0x000001fb8e36c180 JavaThread "JDWP Command Reader"        daemon [_thread_in_native, id=30096, stack(0x0000008f8fa00000,0x0000008f8fb00000) (1024K)]
  0x000001fb8e1df910 JavaThread "Notification Thread"        daemon [_thread_blocked, id=19200, stack(0x0000008f8fb00000,0x0000008f8fc00000) (1024K)]
  0x000001fb8e1e1350 JavaThread "RMI TCP Accept-0"           daemon [_thread_in_native, id=20692, stack(0x0000008f8fe00000,0x0000008f8ff00000) (1024K)]
  0x000001fb8e1dffa0 JavaThread "RMI TCP Accept-63530"       daemon [_thread_in_native, id=15204, stack(0x0000008f8ff00000,0x0000008f90000000) (1024K)]
  0x000001fb8e1e19e0 JavaThread "RMI TCP Accept-0"           daemon [_thread_in_native, id=27316, stack(0x0000008f90900000,0x0000008f90a00000) (1024K)]
  0x000001fb8e1de560 JavaThread "RMI Scheduler(0)"           daemon [_thread_blocked, id=18608, stack(0x0000008f90b00000,0x0000008f90c00000) (1024K)]
  0x000001fb8e1debf0 JavaThread "JMX server connection timeout 40" daemon [_thread_blocked, id=17616, stack(0x0000008f90d00000,0x0000008f90e00000) (1024K)]
  0x000001fb8f48dbf0 JavaThread "mysql-cj-abandoned-connection-cleanup" daemon [_thread_blocked, id=16976, stack(0x0000008f91500000,0x0000008f91600000) (1024K)]
  0x000001fb8f48b490 JavaThread "Live Reload Server"         daemon [_thread_in_native, id=25612, stack(0x0000008f91800000,0x0000008f91900000) (1024K)]
  0x000001fb906e7680 JavaThread "DestroyJavaVM"                     [_thread_blocked, id=24208, stack(0x0000008f8e700000,0x0000008f8e800000) (1024K)]
  0x000001fb8f48c840 JavaThread "RMI TCP Connection(idle)"   daemon [_thread_blocked, id=35244, stack(0x0000008f91f00000,0x0000008f92000000) (1024K)]
  0x000001fb8f48a0e0 JavaThread "RMI TCP Connection(idle)"   daemon [_thread_blocked, id=20428, stack(0x0000008f8e400000,0x0000008f8e500000) (1024K)]
  0x000001fb8f48ae00 JavaThread "RMI TCP Connection(idle)"   daemon [_thread_blocked, id=28944, stack(0x0000008f8e500000,0x0000008f8e600000) (1024K)]
  0x000001fb8f488010 JavaThread "RMI TCP Connection(31)-127.0.0.1" daemon [_thread_in_native, id=18156, stack(0x0000008f91e00000,0x0000008f91f00000) (1024K)]
  0x000001fb906e5c40 JavaThread "Catalina-utility-1"                [_thread_blocked, id=19516, stack(0x0000008f8fd00000,0x0000008f8fe00000) (1024K)]
  0x000001fb906e4890 JavaThread "Catalina-utility-2"                [_thread_blocked, id=16132, stack(0x0000008f90a00000,0x0000008f90b00000) (1024K)]
  0x000001fb906e4f20 JavaThread "container-0"                       [_thread_blocked, id=8128, stack(0x0000008f90c00000,0x0000008f90d00000) (1024K)]
=>0x000001fb906e62d0 JavaThread "http-nio-8080-exec-1"       daemon [_thread_in_Java, id=26908, stack(0x0000008f91300000,0x0000008f91400000) (1024K)]
  0x000001fb8f4893c0 JavaThread "Thread-47"                         [_thread_blocked, id=7520, stack(0x0000008f8e600000,0x0000008f8e700000) (1024K)]
Total: 29

Other Threads:
  0x000001fb8e026d70 VMThread "VM Thread"                           [id=23612, stack(0x0000008f8ee00000,0x0000008f8ef00000) (1024K)]
  0x000001fbfec057f0 WatcherThread "VM Periodic Task Thread"        [id=13980, stack(0x0000008f8ed00000,0x0000008f8ee00000) (1024K)]
  0x000001fbf5b2a9d0 WorkerThread "GC Thread#0"                     [id=20376, stack(0x0000008f8e800000,0x0000008f8e900000) (1024K)]
  0x000001fb8ed05eb0 WorkerThread "GC Thread#1"                     [id=11488, stack(0x0000008f90000000,0x0000008f90100000) (1024K)]
  0x000001fb8ec8b890 WorkerThread "GC Thread#2"                     [id=6772, stack(0x0000008f90100000,0x0000008f90200000) (1024K)]
  0x000001fb8ed06580 WorkerThread "GC Thread#3"                     [id=14308, stack(0x0000008f90200000,0x0000008f90300000) (1024K)]
  0x000001fb8ed06920 WorkerThread "GC Thread#4"                     [id=20460, stack(0x0000008f90300000,0x0000008f90400000) (1024K)]
  0x000001fb8ed04010 WorkerThread "GC Thread#5"                     [id=872, stack(0x0000008f90400000,0x0000008f90500000) (1024K)]
  0x000001fb8ed047c0 WorkerThread "GC Thread#6"                     [id=9696, stack(0x0000008f90500000,0x0000008f90600000) (1024K)]
  0x000001fb8ed04b60 WorkerThread "GC Thread#7"                     [id=33336, stack(0x0000008f90600000,0x0000008f90700000) (1024K)]
  0x000001fb8ed04f00 WorkerThread "GC Thread#8"                     [id=18672, stack(0x0000008f90700000,0x0000008f90800000) (1024K)]
  0x000001fb8ecf6d10 WorkerThread "GC Thread#9"                     [id=11004, stack(0x0000008f90800000,0x0000008f90900000) (1024K)]
  0x000001fbf5b380b0 ConcurrentGCThread "G1 Main Marker"            [id=14032, stack(0x0000008f8e900000,0x0000008f8ea00000) (1024K)]
  0x000001fbf5b38ac0 WorkerThread "G1 Conc#0"                       [id=25608, stack(0x0000008f8ea00000,0x0000008f8eb00000) (1024K)]
  0x000001fb8ecf70b0 WorkerThread "G1 Conc#1"                       [id=29580, stack(0x0000008f91000000,0x0000008f91100000) (1024K)]
  0x000001fb8ecf6970 WorkerThread "G1 Conc#2"                       [id=26564, stack(0x0000008f91100000,0x0000008f91200000) (1024K)]
  0x000001fbfeac5fa0 ConcurrentGCThread "G1 Refine#0"               [id=964, stack(0x0000008f8eb00000,0x0000008f8ec00000) (1024K)]
  0x000001fbfeac78d0 ConcurrentGCThread "G1 Service"                [id=5804, stack(0x0000008f8ec00000,0x0000008f8ed00000) (1024K)]
Total: 18

Threads with active compile tasks:
Total: 0

VM state: not at safepoint (normal execution)

VM Mutex/Monitor currently owned by a thread: None

Heap address: 0x0000000603800000, size: 8136 MB, Compressed Oops mode: Zero based, Oop shift amount: 3

CDS archive(s) not mapped
Compressed class space mapped at: 0x0000000800000000-0x0000000840000000, reserved size: 1073741824
Narrow klass base: 0x0000000800000000, Narrow klass shift: 0, Narrow klass range: 0x40000000

GC Precious Log:
 CardTable entry size: 512
 Card Set container configuration: InlinePtr #cards 4 size 8 Array Of Cards #cards 32 size 80 Howl #buckets 8 coarsen threshold 7372 Howl Bitmap #cards 1024 size 144 coarsen threshold 921 Card regions per heap region 1 cards per card region 8192
 CPUs: 12 total, 12 available
 Memory: 32538M
 Large Page Support: Disabled
 NUMA Support: Disabled
 Compressed Oops: Enabled (Zero based)
 Heap Region Size: 4M
 Heap Min Capacity: 8M
 Heap Initial Capacity: 512M
 Heap Max Capacity: 8136M
 Pre-touch: Disabled
 Parallel Workers: 10
 Concurrent Workers: 3
 Concurrent Refinement Workers: 10
 Periodic GC: Disabled

Heap:
 garbage-first heap   total 69632K, used 33972K [0x0000000603800000, 0x0000000800000000)
  region size 4096K, 5 young (20480K), 1 survivors (4096K)
 Metaspace       used 57124K, committed 57792K, reserved 1114112K
  class space    used 6938K, committed 7232K, reserved 1048576K

Heap Regions: E=young(eden), S=young(survivor), O=old, HS=humongous(starts), HC=humongous(continues), CS=collection set, F=free, TAMS=top-at-mark-start, PB=parsable bottom
|   0|0x0000000603800000, 0x0000000603bffff8, 0x0000000603c00000| 99%| O|  |TAMS 0x0000000603800000| PB 0x0000000603800000| Untracked 
|   1|0x0000000603c00000, 0x0000000603fffff8, 0x0000000604000000| 99%| O|  |TAMS 0x0000000603c00000| PB 0x0000000603c00000| Untracked 
|   2|0x0000000604000000, 0x00000006043fffc8, 0x0000000604400000| 99%| O|  |TAMS 0x0000000604000000| PB 0x0000000604000000| Untracked 
|   3|0x0000000604400000, 0x00000006047fffe8, 0x0000000604800000| 99%| O|  |TAMS 0x0000000604400000| PB 0x0000000604400000| Untracked 
|   4|0x0000000604800000, 0x0000000604a2c120, 0x0000000604c00000| 54%| O|  |TAMS 0x0000000604800000| PB 0x0000000604800000| Untracked 
|   5|0x0000000604c00000, 0x0000000604c00000, 0x0000000605000000|  0%| F|  |TAMS 0x0000000604c00000| PB 0x0000000604c00000| Untracked 
|   6|0x0000000605000000, 0x0000000605000000, 0x0000000605400000|  0%| F|  |TAMS 0x0000000605000000| PB 0x0000000605000000| Untracked 
|   7|0x0000000605400000, 0x00000006057011a8, 0x0000000605800000| 75%| S|CS|TAMS 0x0000000605400000| PB 0x0000000605400000| Complete 
|   8|0x0000000605800000, 0x0000000605800000, 0x0000000605c00000|  0%| F|  |TAMS 0x0000000605800000| PB 0x0000000605800000| Untracked 
|   9|0x0000000605c00000, 0x0000000605c00000, 0x0000000606000000|  0%| F|  |TAMS 0x0000000605c00000| PB 0x0000000605c00000| Untracked 
|  10|0x0000000606000000, 0x0000000606000000, 0x0000000606400000|  0%| F|  |TAMS 0x0000000606000000| PB 0x0000000606000000| Untracked 
|  11|0x0000000606400000, 0x0000000606400000, 0x0000000606800000|  0%| F|  |TAMS 0x0000000606400000| PB 0x0000000606400000| Untracked 
|  12|0x0000000606800000, 0x0000000606800000, 0x0000000606c00000|  0%| F|  |TAMS 0x0000000606800000| PB 0x0000000606800000| Untracked 
|  13|0x0000000606c00000, 0x0000000606d52400, 0x0000000607000000| 33%| E|  |TAMS 0x0000000606c00000| PB 0x0000000606c00000| Complete 
|  14|0x0000000607000000, 0x0000000607400000, 0x0000000607400000|100%| E|CS|TAMS 0x0000000607000000| PB 0x0000000607000000| Complete 
|  15|0x0000000607400000, 0x0000000607800000, 0x0000000607800000|100%| E|CS|TAMS 0x0000000607400000| PB 0x0000000607400000| Complete 
|  16|0x0000000607800000, 0x0000000607c00000, 0x0000000607c00000|100%| E|CS|TAMS 0x0000000607800000| PB 0x0000000607800000| Complete 

Card table byte_map: [0x000001fbfd8a0000,0x000001fbfe890000] _byte_map_base: 0x000001fbfa884000

Marking Bits: (CMBitMap*) 0x000001fbf5b2afe0
 Bits: [0x000001fb80000000, 0x000001fb87f20000)

Polling page: 0x000001fbf3a50000

Metaspace:

Usage:
  Non-class:     49.01 MB used.
      Class:      6.78 MB used.
       Both:     55.79 MB used.

Virtual space:
  Non-class space:       64.00 MB reserved,      49.38 MB ( 77%) committed,  1 nodes.
      Class space:        1.00 GB reserved,       7.06 MB ( <1%) committed,  1 nodes.
             Both:        1.06 GB reserved,      56.44 MB (  5%) committed. 

Chunk freelists:
   Non-Class:  14.65 MB
       Class:  8.96 MB
        Both:  23.61 MB

MaxMetaspaceSize: unlimited
CompressedClassSpaceSize: 1.00 GB
Initial GC threshold: 21.00 MB
Current GC threshold: 94.06 MB
CDS: off
 - commit_granule_bytes: 65536.
 - commit_granule_words: 8192.
 - virtual_space_node_default_size: 8388608.
 - enlarge_chunks_in_place: 1.
 - use_allocation_guard: 0.


Internal statistics:

num_allocs_failed_limit: 6.
num_arena_births: 1070.
num_arena_deaths: 404.
num_vsnodes_births: 2.
num_vsnodes_deaths: 0.
num_space_committed: 903.
num_space_uncommitted: 0.
num_chunks_returned_to_freelist: 490.
num_chunks_taken_from_freelist: 2797.
num_chunk_merges: 105.
num_chunk_splits: 1648.
num_chunks_enlarged: 1130.
num_inconsistent_stats: 0.

CodeCache: size=49152Kb used=13413Kb max_used=14912Kb free=35738Kb
 bounds [0x000001fbf9580000, 0x000001fbfa4a0000, 0x000001fbfc580000]
 total_blobs=6997 nmethods=6336 adapters=584
 compilation: enabled
              stopped_count=0, restarted_count=0
 full_count=0

Compilation events (20 events):
Event: 507.244 Thread 0x000001fb8e0efdf0 8964   !   1       java.io.FileOutputStream::write (47 bytes)
Event: 507.244 Thread 0x000001fb8e0efdf0 nmethod 8964 0x000001fbfa135290 code [0x000001fbfa135460, 0x000001fbfa135628]
Event: 523.251 Thread 0x000001fb8e0efdf0 8966       1       java.util.Formatter$Conversion::isText (34 bytes)
Event: 523.251 Thread 0x000001fb8e0efdf0 nmethod 8966 0x000001fbfa1fd490 code [0x000001fbfa1fd620, 0x000001fbfa1fd6e8]
Event: 523.251 Thread 0x000001fb8e0efdf0 8967       1       java.util.Formatter$FormatSpecifier::print (234 bytes)
Event: 523.251 Thread 0x000001fb8e0efdf0 nmethod 8967 0x000001fbfa134890 code [0x000001fbfa134b00, 0x000001fbfa135070]
Event: 523.251 Thread 0x000001fb8e0efdf0 8968       1       java.util.Formatter$FormatSpecifier::appendJustified (89 bytes)
Event: 523.251 Thread 0x000001fb8e0efdf0 nmethod 8968 0x000001fbfa134290 code [0x000001fbfa134480, 0x000001fbfa134700]
Event: 523.251 Thread 0x000001fb8e0efdf0 8969       1       java.lang.StringBuilder::append (6 bytes)
Event: 523.251 Thread 0x000001fb8e0efdf0 nmethod 8969 0x000001fbf9afbb10 code [0x000001fbf9afbcc0, 0x000001fbf9afbdc8]
Event: 523.254 Thread 0x000001fb8e0efdf0 8970       1       org.apache.tomcat.util.net.SocketWrapperBase::getEndpoint (5 bytes)
Event: 523.254 Thread 0x000001fb8e0efdf0 nmethod 8970 0x000001fbfa207210 code [0x000001fbfa2073a0, 0x000001fbfa207470]
Event: 523.254 Thread 0x000001fb8e0efdf0 8971       1       java.lang.Exception::<init> (5 bytes)
Event: 523.254 Thread 0x000001fb8e0efdf0 nmethod 8971 0x000001fbf9fab190 code [0x000001fbf9fab340, 0x000001fbf9fab588]
Event: 523.255 Thread 0x000001fb8e0efdf0 8972       1       org.apache.tomcat.util.threads.ThreadPoolExecutor::runStateLessThan (11 bytes)
Event: 523.255 Thread 0x000001fb8e0efdf0 nmethod 8972 0x000001fbfa234190 code [0x000001fbfa234320, 0x000001fbfa2343d8]
Event: 528.261 Thread 0x000001fb8e0efdf0 8973       1       ch.qos.logback.classic.spi.LoggingEvent::getThreadName (23 bytes)
Event: 528.261 Thread 0x000001fb8e0efdf0 nmethod 8973 0x000001fbfa08af10 code [0x000001fbfa08b0c0, 0x000001fbfa08b228]
Event: 528.261 Thread 0x000001fb8e0efdf0 8974       1       ch.qos.logback.classic.spi.LoggingEvent::getFormattedMessage (53 bytes)
Event: 528.261 Thread 0x000001fb8e0efdf0 nmethod 8974 0x000001fbfa133c90 code [0x000001fbfa133e60, 0x000001fbfa134118]

GC Heap History (20 events):
Event: 211.839 GC heap before
{Heap before GC invocations=24 (full 6):
 garbage-first heap   total 69632K, used 33961K [0x0000000603800000, 0x0000000800000000)
  region size 4096K, 5 young (20480K), 1 survivors (4096K)
 Metaspace       used 56862K, committed 57664K, reserved 1114112K
  class space    used 6890K, committed 7232K, reserved 1048576K
}
Event: 211.881 GC heap after
{Heap after GC invocations=25 (full 7):
 garbage-first heap   total 69632K, used 18748K [0x0000000603800000, 0x0000000800000000)
  region size 4096K, 0 young (0K), 0 survivors (0K)
 Metaspace       used 56859K, committed 57664K, reserved 1114112K
  class space    used 6890K, committed 7232K, reserved 1048576K
}
Event: 212.086 GC heap before
{Heap before GC invocations=25 (full 7):
 garbage-first heap   total 69632K, used 55612K [0x0000000603800000, 0x0000000800000000)
  region size 4096K, 9 young (36864K), 0 survivors (0K)
 Metaspace       used 56898K, committed 57664K, reserved 1114112K
  class space    used 6897K, committed 7232K, reserved 1048576K
}
Event: 212.087 GC heap after
{Heap after GC invocations=26 (full 7):
 garbage-first heap   total 69632K, used 21826K [0x0000000603800000, 0x0000000800000000)
  region size 4096K, 1 young (4096K), 1 survivors (4096K)
 Metaspace       used 56898K, committed 57664K, reserved 1114112K
  class space    used 6897K, committed 7232K, reserved 1048576K
}
Event: 227.352 GC heap before
{Heap before GC invocations=26 (full 7):
 garbage-first heap   total 69632K, used 34114K [0x0000000603800000, 0x0000000800000000)
  region size 4096K, 5 young (20480K), 1 survivors (4096K)
 Metaspace       used 56919K, committed 57664K, reserved 1114112K
  class space    used 6900K, committed 7232K, reserved 1048576K
}
Event: 227.398 GC heap after
{Heap after GC invocations=27 (full 8):
 garbage-first heap   total 69632K, used 18614K [0x0000000603800000, 0x0000000800000000)
  region size 4096K, 0 young (0K), 0 survivors (0K)
 Metaspace       used 56914K, committed 57664K, reserved 1114112K
  class space    used 6899K, committed 7232K, reserved 1048576K
}
Event: 227.603 GC heap before
{Heap before GC invocations=27 (full 8):
 garbage-first heap   total 69632K, used 55478K [0x0000000603800000, 0x0000000800000000)
  region size 4096K, 9 young (36864K), 0 survivors (0K)
 Metaspace       used 56952K, committed 57664K, reserved 1114112K
  class space    used 6906K, committed 7232K, reserved 1048576K
}
Event: 227.605 GC heap after
{Heap after GC invocations=28 (full 8):
 garbage-first heap   total 69632K, used 21583K [0x0000000603800000, 0x0000000800000000)
  region size 4096K, 1 young (4096K), 1 survivors (4096K)
 Metaspace       used 56952K, committed 57664K, reserved 1114112K
  class space    used 6906K, committed 7232K, reserved 1048576K
}
Event: 405.953 GC heap before
{Heap before GC invocations=28 (full 8):
 garbage-first heap   total 69632K, used 42063K [0x0000000603800000, 0x0000000800000000)
  region size 4096K, 7 young (28672K), 1 survivors (4096K)
 Metaspace       used 56962K, committed 57664K, reserved 1114112K
  class space    used 6908K, committed 7232K, reserved 1048576K
}
Event: 405.996 GC heap after
{Heap after GC invocations=29 (full 9):
 garbage-first heap   total 69632K, used 18553K [0x0000000603800000, 0x0000000800000000)
  region size 4096K, 0 young (0K), 0 survivors (0K)
 Metaspace       used 56934K, committed 57664K, reserved 1114112K
  class space    used 6900K, committed 7232K, reserved 1048576K
}
Event: 406.193 GC heap before
{Heap before GC invocations=29 (full 9):
 garbage-first heap   total 69632K, used 51321K [0x0000000603800000, 0x0000000800000000)
  region size 4096K, 9 young (36864K), 0 survivors (0K)
 Metaspace       used 56975K, committed 57664K, reserved 1114112K
  class space    used 6908K, committed 7232K, reserved 1048576K
}
Event: 406.194 GC heap after
{Heap after GC invocations=30 (full 9):
 garbage-first heap   total 69632K, used 21601K [0x0000000603800000, 0x0000000800000000)
  region size 4096K, 1 young (4096K), 1 survivors (4096K)
 Metaspace       used 56975K, committed 57664K, reserved 1114112K
  class space    used 6908K, committed 7232K, reserved 1048576K
}
Event: 437.632 GC heap before
{Heap before GC invocations=30 (full 9):
 garbage-first heap   total 69632K, used 37985K [0x0000000603800000, 0x0000000800000000)
  region size 4096K, 6 young (24576K), 1 survivors (4096K)
 Metaspace       used 57052K, committed 57728K, reserved 1114112K
  class space    used 6924K, committed 7232K, reserved 1048576K
}
Event: 437.678 GC heap after
{Heap after GC invocations=31 (full 10):
 garbage-first heap   total 69632K, used 18528K [0x0000000603800000, 0x0000000800000000)
  region size 4096K, 0 young (0K), 0 survivors (0K)
 Metaspace       used 57043K, committed 57728K, reserved 1114112K
  class space    used 6922K, committed 7232K, reserved 1048576K
}
Event: 437.887 GC heap before
{Heap before GC invocations=31 (full 10):
 garbage-first heap   total 69632K, used 55392K [0x0000000603800000, 0x0000000800000000)
  region size 4096K, 9 young (36864K), 0 survivors (0K)
 Metaspace       used 57081K, committed 57728K, reserved 1114112K
  class space    used 6930K, committed 7232K, reserved 1048576K
}
Event: 437.889 GC heap after
{Heap after GC invocations=32 (full 10):
 garbage-first heap   total 69632K, used 21485K [0x0000000603800000, 0x0000000800000000)
  region size 4096K, 1 young (4096K), 1 survivors (4096K)
 Metaspace       used 57081K, committed 57728K, reserved 1114112K
  class space    used 6930K, committed 7232K, reserved 1048576K
}
Event: 500.252 GC heap before
{Heap before GC invocations=32 (full 10):
 garbage-first heap   total 69632K, used 37869K [0x0000000603800000, 0x0000000800000000)
  region size 4096K, 6 young (24576K), 1 survivors (4096K)
 Metaspace       used 57087K, committed 57792K, reserved 1114112K
  class space    used 6931K, committed 7232K, reserved 1048576K
}
Event: 500.293 GC heap after
{Heap after GC invocations=33 (full 11):
 garbage-first heap   total 69632K, used 18608K [0x0000000603800000, 0x0000000800000000)
  region size 4096K, 0 young (0K), 0 survivors (0K)
 Metaspace       used 57085K, committed 57792K, reserved 1114112K
  class space    used 6931K, committed 7232K, reserved 1048576K
}
Event: 500.490 GC heap before
{Heap before GC invocations=33 (full 11):
 garbage-first heap   total 69632K, used 55472K [0x0000000603800000, 0x0000000800000000)
  region size 4096K, 9 young (36864K), 0 survivors (0K)
 Metaspace       used 57122K, committed 57792K, reserved 1114112K
  class space    used 6938K, committed 7232K, reserved 1048576K
}
Event: 500.491 GC heap after
{Heap after GC invocations=34 (full 11):
 garbage-first heap   total 69632K, used 21684K [0x0000000603800000, 0x0000000800000000)
  region size 4096K, 1 young (4096K), 1 survivors (4096K)
 Metaspace       used 57122K, committed 57792K, reserved 1114112K
  class space    used 6938K, committed 7232K, reserved 1048576K
}

Dll operation events (12 events):
Event: 0.008 Loaded shared library C:\spring-tool-suite-4-4.24.0.RELEASE-e4.32.0-win32.win32.x86_64.self-extracting\contents\sts-4.24.0.RELEASE\plugins\org.eclipse.justj.openjdk.hotspot.jre.full.win32.x86_64_21.0.3.v20240426-1530\jre\bin\java.dll
Event: 0.012 Loaded shared library C:\spring-tool-suite-4-4.24.0.RELEASE-e4.32.0-win32.win32.x86_64.self-extracting\contents\sts-4.24.0.RELEASE\plugins\org.eclipse.justj.openjdk.hotspot.jre.full.win32.x86_64_21.0.3.v20240426-1530\jre\bin\zip.dll
Event: 0.208 Loaded shared library C:\spring-tool-suite-4-4.24.0.RELEASE-e4.32.0-win32.win32.x86_64.self-extracting\contents\sts-4.24.0.RELEASE\plugins\org.eclipse.justj.openjdk.hotspot.jre.full.win32.x86_64_21.0.3.v20240426-1530\jre\bin\instrument.dll
Event: 0.215 Loaded shared library C:\spring-tool-suite-4-4.24.0.RELEASE-e4.32.0-win32.win32.x86_64.self-extracting\contents\sts-4.24.0.RELEASE\plugins\org.eclipse.justj.openjdk.hotspot.jre.full.win32.x86_64_21.0.3.v20240426-1530\jre\bin\net.dll
Event: 0.216 Loaded shared library C:\spring-tool-suite-4-4.24.0.RELEASE-e4.32.0-win32.win32.x86_64.self-extracting\contents\sts-4.24.0.RELEASE\plugins\org.eclipse.justj.openjdk.hotspot.jre.full.win32.x86_64_21.0.3.v20240426-1530\jre\bin\nio.dll
Event: 0.220 Loaded shared library C:\spring-tool-suite-4-4.24.0.RELEASE-e4.32.0-win32.win32.x86_64.self-extracting\contents\sts-4.24.0.RELEASE\plugins\org.eclipse.justj.openjdk.hotspot.jre.full.win32.x86_64_21.0.3.v20240426-1530\jre\bin\zip.dll
Event: 0.293 Loaded shared library C:\spring-tool-suite-4-4.24.0.RELEASE-e4.32.0-win32.win32.x86_64.self-extracting\contents\sts-4.24.0.RELEASE\plugins\org.eclipse.justj.openjdk.hotspot.jre.full.win32.x86_64_21.0.3.v20240426-1530\jre\bin\jimage.dll
Event: 0.323 Loaded shared library C:\spring-tool-suite-4-4.24.0.RELEASE-e4.32.0-win32.win32.x86_64.self-extracting\contents\sts-4.24.0.RELEASE\plugins\org.eclipse.justj.openjdk.hotspot.jre.full.win32.x86_64_21.0.3.v20240426-1530\jre\bin\management.dll
Event: 0.330 Loaded shared library C:\spring-tool-suite-4-4.24.0.RELEASE-e4.32.0-win32.win32.x86_64.self-extracting\contents\sts-4.24.0.RELEASE\plugins\org.eclipse.justj.openjdk.hotspot.jre.full.win32.x86_64_21.0.3.v20240426-1530\jre\bin\management_ext.dll
Event: 0.444 Loaded shared library C:\spring-tool-suite-4-4.24.0.RELEASE-e4.32.0-win32.win32.x86_64.self-extracting\contents\sts-4.24.0.RELEASE\plugins\org.eclipse.justj.openjdk.hotspot.jre.full.win32.x86_64_21.0.3.v20240426-1530\jre\bin\extnet.dll
Event: 0.461 Loaded shared library C:\spring-tool-suite-4-4.24.0.RELEASE-e4.32.0-win32.win32.x86_64.self-extracting\contents\sts-4.24.0.RELEASE\plugins\org.eclipse.justj.openjdk.hotspot.jre.full.win32.x86_64_21.0.3.v20240426-1530\jre\bin\verify.dll
Event: 1.020 Loaded shared library C:\spring-tool-suite-4-4.24.0.RELEASE-e4.32.0-win32.win32.x86_64.self-extracting\contents\sts-4.24.0.RELEASE\plugins\org.eclipse.justj.openjdk.hotspot.jre.full.win32.x86_64_21.0.3.v20240426-1530\jre\bin\sunmscapi.dll

Deoptimization events (20 events):
Event: 523.250 Thread 0x000001fb906e55b0 DEOPT PACKING pc=0x000001fbf979c9bc sp=0x0000008f912feec0
Event: 523.250 Thread 0x000001fb906e55b0 DEOPT UNPACKING pc=0x000001fbf95d4e42 sp=0x0000008f912fe380 mode 1
Event: 523.254 Thread 0x000001fb8f487980 DEOPT PACKING pc=0x000001fbf999c3bc sp=0x0000008f919ff230
Event: 523.254 Thread 0x000001fb8f487980 DEOPT UNPACKING pc=0x000001fbf95d4e42 sp=0x0000008f919fe7d8 mode 1
Event: 523.254 Thread 0x000001fb8f4872f0 DEOPT PACKING pc=0x000001fbf999c3bc sp=0x0000008f91afee20
Event: 523.254 Thread 0x000001fb8f4872f0 DEOPT UNPACKING pc=0x000001fbf95d4e42 sp=0x0000008f91afe3c8 mode 1
Event: 523.254 Thread 0x000001fb8f48c1b0 DEOPT PACKING pc=0x000001fbf999c3bc sp=0x0000008f91cff1d0
Event: 523.254 Thread 0x000001fb8f48c1b0 DEOPT UNPACKING pc=0x000001fbf95d4e42 sp=0x0000008f91cfe778 mode 1
Event: 523.254 Thread 0x000001fb8f489a50 DEOPT PACKING pc=0x000001fbf999c3bc sp=0x0000008f920feb30
Event: 523.254 Thread 0x000001fb8f489a50 DEOPT UNPACKING pc=0x000001fbf95d4e42 sp=0x0000008f920fe0d8 mode 1
Event: 523.254 Thread 0x000001fb8f48ced0 DEOPT PACKING pc=0x000001fbf999c3bc sp=0x0000008f91dfee80
Event: 523.254 Thread 0x000001fb8f48ced0 DEOPT UNPACKING pc=0x000001fbf95d4e42 sp=0x0000008f91dfe428 mode 1
Event: 523.254 Thread 0x000001fb8f48a770 DEOPT PACKING pc=0x000001fbf999c3bc sp=0x0000008f91bfed20
Event: 523.254 Thread 0x000001fb8f48a770 DEOPT UNPACKING pc=0x000001fbf95d4e42 sp=0x0000008f91bfe2c8 mode 1
Event: 523.254 Thread 0x000001fb8f48bb20 DEOPT PACKING pc=0x000001fbf999c3bc sp=0x0000008f916ff150
Event: 523.254 Thread 0x000001fb8f48bb20 DEOPT UNPACKING pc=0x000001fbf95d4e42 sp=0x0000008f916fe6f8 mode 1
Event: 523.254 Thread 0x000001fb906e6960 DEOPT PACKING pc=0x000001fbf999c3bc sp=0x0000008f914fec70
Event: 523.254 Thread 0x000001fb906e6960 DEOPT UNPACKING pc=0x000001fbf95d4e42 sp=0x0000008f914fe218 mode 1
Event: 523.254 Thread 0x000001fb8f48d560 DEOPT PACKING pc=0x000001fbf999c3bc sp=0x0000008f917fecc0
Event: 523.254 Thread 0x000001fb8f48d560 DEOPT UNPACKING pc=0x000001fbf95d4e42 sp=0x0000008f917fe268 mode 1

Classes loaded (20 events):
Event: 58.248 Loading class sun/net/ConnectionResetException
Event: 58.248 Loading class sun/net/ConnectionResetException done
Event: 58.253 Loading class java/util/WeakHashMap$KeyIterator
Event: 58.253 Loading class java/util/WeakHashMap$HashIterator
Event: 58.253 Loading class java/util/WeakHashMap$HashIterator done
Event: 58.253 Loading class java/util/WeakHashMap$KeyIterator done
Event: 58.271 Loading class java/lang/ref/Finalizer$2
Event: 58.272 Loading class java/lang/ref/Finalizer$2 done
Event: 58.272 Loading class java/lang/ref/Finalizer$1
Event: 58.272 Loading class java/lang/ref/Finalizer$1 done
Event: 58.428 Loading class java/util/WeakHashMap$EntrySet
Event: 58.428 Loading class java/util/WeakHashMap$EntrySet done
Event: 58.428 Loading class java/util/WeakHashMap$EntryIterator
Event: 58.428 Loading class java/util/WeakHashMap$EntryIterator done
Event: 158.491 Loading class java/util/concurrent/locks/ReentrantReadWriteLock$Sync$HoldCounter
Event: 158.491 Loading class java/util/concurrent/locks/ReentrantReadWriteLock$Sync$HoldCounter done
Event: 406.124 Loading class java/lang/invoke/MethodHandleImpl$CountingWrapper$1
Event: 406.124 Loading class java/lang/invoke/MethodHandleImpl$CountingWrapper$1 done
Event: 416.370 Loading class jdk/internal/loader/BootLoader$PackageHelper
Event: 416.370 Loading class jdk/internal/loader/BootLoader$PackageHelper done

Classes unloaded (20 events):
Event: 405.971 Thread 0x000001fb8e026d70 Unloading class 0x00000008004b9800 'org/apache/catalina/loader/JdbcLeakPrevention'
Event: 405.971 Thread 0x000001fb8e026d70 Unloading class 0x00000008004bb000 'java/lang/invoke/LambdaForm$MH+0x00000008004bb000'
Event: 405.971 Thread 0x000001fb8e026d70 Unloading class 0x00000008004c1000 'java/lang/invoke/LambdaForm$MH+0x00000008004c1000'
Event: 405.971 Thread 0x000001fb8e026d70 Unloading class 0x00000008004c1800 'java/lang/invoke/LambdaForm$MH+0x00000008004c1800'
Event: 405.971 Thread 0x000001fb8e026d70 Unloading class 0x00000008004d8400 'java/lang/invoke/LambdaForm$MH+0x00000008004d8400'
Event: 405.971 Thread 0x000001fb8e026d70 Unloading class 0x0000000800581000 'java/lang/invoke/LambdaForm$MH+0x0000000800581000'
Event: 405.971 Thread 0x000001fb8e026d70 Unloading class 0x0000000800588000 'java/lang/invoke/LambdaForm$MH+0x0000000800588000'
Event: 405.971 Thread 0x000001fb8e026d70 Unloading class 0x00000008005c0000 'java/lang/invoke/LambdaForm$MH+0x00000008005c0000'
Event: 405.971 Thread 0x000001fb8e026d70 Unloading class 0x00000008005dd400 'java/lang/invoke/LambdaForm$MH+0x00000008005dd400'
Event: 405.971 Thread 0x000001fb8e026d70 Unloading class 0x00000008005e5c00 'java/lang/invoke/LambdaForm$MH+0x00000008005e5c00'
Event: 405.971 Thread 0x000001fb8e026d70 Unloading class 0x00000008005f4800 'java/lang/invoke/LambdaForm$MH+0x00000008005f4800'
Event: 405.971 Thread 0x000001fb8e026d70 Unloading class 0x00000008005f6000 'java/lang/invoke/LambdaForm$MH+0x00000008005f6000'
Event: 405.971 Thread 0x000001fb8e026d70 Unloading class 0x00000008005f6c00 'java/lang/invoke/LambdaForm$MH+0x00000008005f6c00'
Event: 405.971 Thread 0x000001fb8e026d70 Unloading class 0x0000000800619000 'java/lang/invoke/LambdaForm$MH+0x0000000800619000'
Event: 405.971 Thread 0x000001fb8e026d70 Unloading class 0x0000000800710c00 'java/lang/invoke/LambdaForm$MH+0x0000000800710c00'
Event: 437.652 Thread 0x000001fb8e026d70 Unloading class 0x000000080043b800 'org/apache/catalina/loader/JdbcLeakPrevention'
Event: 437.652 Thread 0x000001fb8e026d70 Unloading class 0x0000000800634400 'java/lang/invoke/LambdaForm$MH+0x0000000800634400'
Event: 437.652 Thread 0x000001fb8e026d70 Unloading class 0x0000000800634c00 'java/lang/invoke/LambdaForm$MH+0x0000000800634c00'
Event: 437.652 Thread 0x000001fb8e026d70 Unloading class 0x0000000800618800 'java/lang/invoke/LambdaForm$DMH+0x0000000800618800'
Event: 500.267 Thread 0x000001fb8e026d70 Unloading class 0x00000008003cd000 'org/apache/catalina/loader/JdbcLeakPrevention'

Classes redefined (20 events):
Event: 187.431 Thread 0x000001fb8e026d70 redefined class name=com.moon.mProject.board.controller.BoardForumController, count=5
Event: 187.431 Thread 0x000001fb8e026d70 redefined class name=com.moon.mProject.board.controller.BoardForumController, count=1
Event: 187.431 Thread 0x000001fb8e026d70 redefined class name=com.moon.mProject.board.controller.BoardForumController, count=6
Event: 187.431 Thread 0x000001fb8e026d70 redefined class name=com.moon.mProject.board.controller.BoardForumController, count=2
Event: 187.431 Thread 0x000001fb8e026d70 redefined class name=com.moon.mProject.board.controller.BoardForumController, count=4
Event: 208.756 Thread 0x000001fb8e026d70 redefined class name=com.moon.mProject.board.controller.BoardForumController, count=7
Event: 208.756 Thread 0x000001fb8e026d70 redefined class name=com.moon.mProject.board.controller.BoardForumController, count=3
Event: 208.756 Thread 0x000001fb8e026d70 redefined class name=com.moon.mProject.board.controller.BoardForumController, count=5
Event: 208.756 Thread 0x000001fb8e026d70 redefined class name=com.moon.mProject.board.controller.BoardForumController, count=3
Event: 208.756 Thread 0x000001fb8e026d70 redefined class name=com.moon.mProject.board.controller.BoardForumController, count=6
Event: 208.756 Thread 0x000001fb8e026d70 redefined class name=com.moon.mProject.board.controller.BoardForumController, count=1
Event: 208.756 Thread 0x000001fb8e026d70 redefined class name=com.moon.mProject.board.controller.BoardForumController, count=2
Event: 224.898 Thread 0x000001fb8e026d70 redefined class name=com.moon.mProject.board.controller.BoardForumController, count=8
Event: 224.898 Thread 0x000001fb8e026d70 redefined class name=com.moon.mProject.board.controller.BoardForumController, count=4
Event: 224.898 Thread 0x000001fb8e026d70 redefined class name=com.moon.mProject.board.controller.BoardForumController, count=6
Event: 224.898 Thread 0x000001fb8e026d70 redefined class name=com.moon.mProject.board.controller.BoardForumController, count=4
Event: 224.898 Thread 0x000001fb8e026d70 redefined class name=com.moon.mProject.board.controller.BoardForumController, count=1
Event: 224.898 Thread 0x000001fb8e026d70 redefined class name=com.moon.mProject.board.controller.BoardForumController, count=7
Event: 224.898 Thread 0x000001fb8e026d70 redefined class name=com.moon.mProject.board.controller.BoardForumController, count=2
Event: 224.898 Thread 0x000001fb8e026d70 redefined class name=com.moon.mProject.board.controller.BoardForumController, count=3

Internal exceptions (20 events):
Event: 437.818 Thread 0x000001fb8f48bb20 Exception <a 'java/lang/NoClassDefFoundError'{0x0000000606485c70}: org/flywaydb/core/Flyway> (0x0000000606485c70) 
thrown [s\src\hotspot\share\oops\constantPool.cpp, line 873]
Event: 437.818 Thread 0x000001fb8f48bb20 Exception <a 'java/lang/NoClassDefFoundError'{0x00000006064862d0}: liquibase/integration/spring/SpringLiquibase> (0x00000006064862d0) 
thrown [s\src\hotspot\share\oops\constantPool.cpp, line 873]
Event: 437.820 Thread 0x000001fb8f48bb20 Exception <a 'java/lang/NoClassDefFoundError'{0x00000006064d2550}: org/jooq/DSLContext> (0x00000006064d2550) 
thrown [s\src\hotspot\share\oops\constantPool.cpp, line 873]
Event: 437.821 Thread 0x000001fb8f48bb20 Exception <a 'java/lang/NoClassDefFoundError'{0x00000006064d3e38}: jakarta/persistence/EntityManagerFactory> (0x00000006064d3e38) 
thrown [s\src\hotspot\share\oops\constantPool.cpp, line 873]
Event: 437.821 Thread 0x000001fb8f48bb20 Exception <a 'java/lang/NoClassDefFoundError'{0x00000006064d44a8}: org/springframework/batch/core/repository/JobRepository> (0x00000006064d44a8) 
thrown [s\src\hotspot\share\oops\constantPool.cpp, line 873]
Event: 437.821 Thread 0x000001fb8f48bb20 Exception <a 'java/lang/NoClassDefFoundError'{0x00000006064d4b00}: org/quartz/Scheduler> (0x00000006064d4b00) 
thrown [s\src\hotspot\share\oops\constantPool.cpp, line 873]
Event: 437.821 Thread 0x000001fb8f48bb20 Exception <a 'java/lang/NoClassDefFoundError'{0x00000006064d5180}: org/springframework/session/jdbc/JdbcIndexedSessionRepository> (0x00000006064d5180) 
thrown [s\src\hotspot\share\oops\constantPool.cpp, line 873]
Event: 437.845 Thread 0x000001fb8f48bb20 Exception <a 'java/io/FileNotFoundException'{0x00000006061e9f00}> (0x00000006061e9f00) 
thrown [s\src\hotspot\share\prims\jni.cpp, line 520]
Event: 437.850 Thread 0x000001fb8f48bb20 Exception <a 'java/io/FileNotFoundException'{0x00000006062f8de0}> (0x00000006062f8de0) 
thrown [s\src\hotspot\share\prims\jni.cpp, line 520]
Event: 500.252 Thread 0x000001fb8f486c60 Exception <a 'java/lang/InterruptedException'{0x0000000606873d08}: sleep interrupted> (0x0000000606873d08) 
thrown [s\src\hotspot\share\prims\jvm.cpp, line 3074]
Event: 500.301 Thread 0x000001fb906e4200 Exception <a 'sun/nio/fs/WindowsException'{0x0000000607874070}> (0x0000000607874070) 
thrown [s\src\hotspot\share\prims\jni.cpp, line 520]
Event: 500.421 Thread 0x000001fb906e4200 Exception <a 'java/lang/NoClassDefFoundError'{0x00000006064867d8}: org/flywaydb/core/Flyway> (0x00000006064867d8) 
thrown [s\src\hotspot\share\oops\constantPool.cpp, line 873]
Event: 500.422 Thread 0x000001fb906e4200 Exception <a 'java/lang/NoClassDefFoundError'{0x0000000606486e38}: liquibase/integration/spring/SpringLiquibase> (0x0000000606486e38) 
thrown [s\src\hotspot\share\oops\constantPool.cpp, line 873]
Event: 500.424 Thread 0x000001fb906e4200 Exception <a 'java/lang/NoClassDefFoundError'{0x00000006064d3678}: org/jooq/DSLContext> (0x00000006064d3678) 
thrown [s\src\hotspot\share\oops\constantPool.cpp, line 873]
Event: 500.425 Thread 0x000001fb906e4200 Exception <a 'java/lang/NoClassDefFoundError'{0x00000006064d4f60}: jakarta/persistence/EntityManagerFactory> (0x00000006064d4f60) 
thrown [s\src\hotspot\share\oops\constantPool.cpp, line 873]
Event: 500.425 Thread 0x000001fb906e4200 Exception <a 'java/lang/NoClassDefFoundError'{0x00000006064d55d0}: org/springframework/batch/core/repository/JobRepository> (0x00000006064d55d0) 
thrown [s\src\hotspot\share\oops\constantPool.cpp, line 873]
Event: 500.425 Thread 0x000001fb906e4200 Exception <a 'java/lang/NoClassDefFoundError'{0x00000006064d5c28}: org/quartz/Scheduler> (0x00000006064d5c28) 
thrown [s\src\hotspot\share\oops\constantPool.cpp, line 873]
Event: 500.425 Thread 0x000001fb906e4200 Exception <a 'java/lang/NoClassDefFoundError'{0x00000006064d62a8}: org/springframework/session/jdbc/JdbcIndexedSessionRepository> (0x00000006064d62a8) 
thrown [s\src\hotspot\share\oops\constantPool.cpp, line 873]
Event: 500.446 Thread 0x000001fb906e4200 Exception <a 'java/io/FileNotFoundException'{0x00000006061d9798}> (0x00000006061d9798) 
thrown [s\src\hotspot\share\prims\jni.cpp, line 520]
Event: 500.452 Thread 0x000001fb906e4200 Exception <a 'java/io/FileNotFoundException'{0x00000006062e8648}> (0x00000006062e8648) 
thrown [s\src\hotspot\share\prims\jni.cpp, line 520]

ZGC Phase Switch (0 events):
No events

VM Operations (20 events):
Event: 522.382 Executing VM operation: get/set locals
Event: 522.382 Executing VM operation: get/set locals done
Event: 522.382 Executing VM operation: get/set locals
Event: 522.382 Executing VM operation: get/set locals done
Event: 522.382 Executing VM operation: get/set locals
Event: 522.382 Executing VM operation: get/set locals done
Event: 522.382 Executing VM operation: get/set locals
Event: 522.382 Executing VM operation: get/set locals done
Event: 522.382 Executing VM operation: get/set locals
Event: 522.382 Executing VM operation: get/set locals done
Event: 522.382 Executing VM operation: get/set locals
Event: 522.382 Executing VM operation: get/set locals done
Event: 522.383 Executing VM operation: get/set locals
Event: 522.383 Executing VM operation: get/set locals done
Event: 522.383 Executing VM operation: get/set locals
Event: 522.383 Executing VM operation: get/set locals done
Event: 522.383 Executing VM operation: get/set locals
Event: 522.383 Executing VM operation: get/set locals done
Event: 523.303 Executing VM operation: get/set locals
Event: 523.303 Executing VM operation: get/set locals done

Events (20 events):
Event: 500.540 Thread 0x000001fb8f4886a0 Thread added: 0x000001fb8f4886a0
Event: 500.541 Thread 0x000001fb8f4886a0 Thread exited: 0x000001fb8f4886a0
Event: 500.541 Thread 0x000001fb8f4886a0 Thread added: 0x000001fb8f4886a0
Event: 500.542 Thread 0x000001fb8f4886a0 Thread exited: 0x000001fb8f4886a0
Event: 501.250 Thread 0x000001fb90a587f0 Thread exited: 0x000001fb90a587f0
Event: 501.556 Thread 0x000001fb8f488d30 Thread exited: 0x000001fb8f488d30
Event: 506.365 Thread 0x000001fb90a07840 Thread exited: 0x000001fb90a07840
Event: 523.251 Thread 0x000001fb8f4893c0 Thread added: 0x000001fb8f4893c0
Event: 523.251 Thread 0x000001fb906e55b0 Thread exited: 0x000001fb906e55b0
Event: 523.254 Thread 0x000001fb8f48e280 Thread exited: 0x000001fb8f48e280
Event: 523.254 Thread 0x000001fb8f486c60 Thread exited: 0x000001fb8f486c60
Event: 523.255 Thread 0x000001fb8f4872f0 Thread exited: 0x000001fb8f4872f0
Event: 523.255 Thread 0x000001fb8f48c1b0 Thread exited: 0x000001fb8f48c1b0
Event: 523.255 Thread 0x000001fb8f48a770 Thread exited: 0x000001fb8f48a770
Event: 523.255 Thread 0x000001fb8f48d560 Thread exited: 0x000001fb8f48d560
Event: 523.255 Thread 0x000001fb8f487980 Thread exited: 0x000001fb8f487980
Event: 523.255 Thread 0x000001fb8f48bb20 Thread exited: 0x000001fb8f48bb20
Event: 523.255 Thread 0x000001fb8f48ced0 Thread exited: 0x000001fb8f48ced0
Event: 523.255 Thread 0x000001fb8f489a50 Thread exited: 0x000001fb8f489a50
Event: 523.255 Thread 0x000001fb906e6960 Thread exited: 0x000001fb906e6960


Dynamic libraries:
0x00007ff795850000 - 0x00007ff79585e000 	C:\spring-tool-suite-4-4.24.0.RELEASE-e4.32.0-win32.win32.x86_64.self-extracting\contents\sts-4.24.0.RELEASE\plugins\org.eclipse.justj.openjdk.hotspot.jre.full.win32.x86_64_21.0.3.v20240426-1530\jre\bin\javaw.exe
0x00007ffd10670000 - 0x00007ffd10868000 	C:\Windows\SYSTEM32\ntdll.dll
0x00007ffd0fb20000 - 0x00007ffd0fbe1000 	C:\Windows\System32\KERNEL32.DLL
0x00007ffd0e0c0000 - 0x00007ffd0e3bd000 	C:\Windows\System32\KERNELBASE.dll
0x00007ffd0e460000 - 0x00007ffd0e560000 	C:\Windows\System32\ucrtbase.dll
0x00007ffcfab10000 - 0x00007ffcfab28000 	C:\spring-tool-suite-4-4.24.0.RELEASE-e4.32.0-win32.win32.x86_64.self-extracting\contents\sts-4.24.0.RELEASE\plugins\org.eclipse.justj.openjdk.hotspot.jre.full.win32.x86_64_21.0.3.v20240426-1530\jre\bin\jli.dll
0x00007ffcf5180000 - 0x00007ffcf519b000 	C:\spring-tool-suite-4-4.24.0.RELEASE-e4.32.0-win32.win32.x86_64.self-extracting\contents\sts-4.24.0.RELEASE\plugins\org.eclipse.justj.openjdk.hotspot.jre.full.win32.x86_64_21.0.3.v20240426-1530\jre\bin\VCRUNTIME140.dll
0x00007ffd100d0000 - 0x00007ffd1026d000 	C:\Windows\System32\USER32.dll
0x00007ffd0e430000 - 0x00007ffd0e452000 	C:\Windows\System32\win32u.dll
0x00007ffd0fa40000 - 0x00007ffd0fa6b000 	C:\Windows\System32\GDI32.dll
0x00007ffd0dd20000 - 0x00007ffd0de37000 	C:\Windows\System32\gdi32full.dll
0x00007ffd0e020000 - 0x00007ffd0e0bd000 	C:\Windows\System32\msvcp_win.dll
0x00007ffd05260000 - 0x00007ffd054fa000 	C:\Windows\WinSxS\amd64_microsoft.windows.common-controls_6595b64144ccf1df_6.0.19041.4355_none_60b8b9eb71f62e16\COMCTL32.dll
0x00007ffd0f2f0000 - 0x00007ffd0f38e000 	C:\Windows\System32\msvcrt.dll
0x00007ffd0f920000 - 0x00007ffd0f94f000 	C:\Windows\System32\IMM32.DLL
0x00007ffcef9b0000 - 0x00007ffcef9bc000 	C:\spring-tool-suite-4-4.24.0.RELEASE-e4.32.0-win32.win32.x86_64.self-extracting\contents\sts-4.24.0.RELEASE\plugins\org.eclipse.justj.openjdk.hotspot.jre.full.win32.x86_64_21.0.3.v20240426-1530\jre\bin\vcruntime140_1.dll
0x00007ffce5f60000 - 0x00007ffce5fee000 	C:\spring-tool-suite-4-4.24.0.RELEASE-e4.32.0-win32.win32.x86_64.self-extracting\contents\sts-4.24.0.RELEASE\plugins\org.eclipse.justj.openjdk.hotspot.jre.full.win32.x86_64_21.0.3.v20240426-1530\jre\bin\msvcp140.dll
0x00007ffcab2a0000 - 0x00007ffcac022000 	C:\spring-tool-suite-4-4.24.0.RELEASE-e4.32.0-win32.win32.x86_64.self-extracting\contents\sts-4.24.0.RELEASE\plugins\org.eclipse.justj.openjdk.hotspot.jre.full.win32.x86_64_21.0.3.v20240426-1530\jre\bin\server\jvm.dll
0x00007ffd0fbf0000 - 0x00007ffd0fca0000 	C:\Windows\System32\ADVAPI32.dll
0x00007ffd0f000000 - 0x00007ffd0f0a0000 	C:\Windows\System32\sechost.dll
0x00007ffd10350000 - 0x00007ffd10473000 	C:\Windows\System32\RPCRT4.dll
0x00007ffd0dff0000 - 0x00007ffd0e017000 	C:\Windows\System32\bcrypt.dll
0x00007ffd0fd00000 - 0x00007ffd0fd6b000 	C:\Windows\System32\WS2_32.dll
0x00007ffd0d2a0000 - 0x00007ffd0d2eb000 	C:\Windows\SYSTEM32\POWRPROF.dll
0x00007ffcfd310000 - 0x00007ffcfd337000 	C:\Windows\SYSTEM32\WINMM.dll
0x00007ffd05aa0000 - 0x00007ffd05aaa000 	C:\Windows\SYSTEM32\VERSION.dll
0x00007ffd0d110000 - 0x00007ffd0d122000 	C:\Windows\SYSTEM32\UMPDC.dll
0x00007ffd0bbc0000 - 0x00007ffd0bbd2000 	C:\Windows\SYSTEM32\kernel.appcore.dll
0x00007ffd0b110000 - 0x00007ffd0b11a000 	C:\spring-tool-suite-4-4.24.0.RELEASE-e4.32.0-win32.win32.x86_64.self-extracting\contents\sts-4.24.0.RELEASE\plugins\org.eclipse.justj.openjdk.hotspot.jre.full.win32.x86_64_21.0.3.v20240426-1530\jre\bin\jimage.dll
0x00007ffcf21f0000 - 0x00007ffcf23d4000 	C:\Windows\SYSTEM32\DBGHELP.DLL
0x00007ffcf21b0000 - 0x00007ffcf21e4000 	C:\Windows\SYSTEM32\dbgcore.DLL
0x00007ffd0e560000 - 0x00007ffd0e5e2000 	C:\Windows\System32\bcryptPrimitives.dll
0x00007ffce7620000 - 0x00007ffce765c000 	C:\spring-tool-suite-4-4.24.0.RELEASE-e4.32.0-win32.win32.x86_64.self-extracting\contents\sts-4.24.0.RELEASE\plugins\org.eclipse.justj.openjdk.hotspot.jre.full.win32.x86_64_21.0.3.v20240426-1530\jre\bin\jdwp.dll
0x00007ffd0b1b0000 - 0x00007ffd0b1bf000 	C:\spring-tool-suite-4-4.24.0.RELEASE-e4.32.0-win32.win32.x86_64.self-extracting\contents\sts-4.24.0.RELEASE\plugins\org.eclipse.justj.openjdk.hotspot.jre.full.win32.x86_64_21.0.3.v20240426-1530\jre\bin\instrument.dll
0x00007ffd06c00000 - 0x00007ffd06c1f000 	C:\spring-tool-suite-4-4.24.0.RELEASE-e4.32.0-win32.win32.x86_64.self-extracting\contents\sts-4.24.0.RELEASE\plugins\org.eclipse.justj.openjdk.hotspot.jre.full.win32.x86_64_21.0.3.v20240426-1530\jre\bin\java.dll
0x00007ffcfadc0000 - 0x00007ffcfadd8000 	C:\spring-tool-suite-4-4.24.0.RELEASE-e4.32.0-win32.win32.x86_64.self-extracting\contents\sts-4.24.0.RELEASE\plugins\org.eclipse.justj.openjdk.hotspot.jre.full.win32.x86_64_21.0.3.v20240426-1530\jre\bin\zip.dll
0x00007ffd0e6b0000 - 0x00007ffd0ee1f000 	C:\Windows\System32\SHELL32.dll
0x00007ffd0bdc0000 - 0x00007ffd0c55f000 	C:\Windows\SYSTEM32\windows.storage.dll
0x00007ffd0fd70000 - 0x00007ffd100c3000 	C:\Windows\System32\combase.dll
0x00007ffd0d740000 - 0x00007ffd0d76e000 	C:\Windows\SYSTEM32\Wldp.dll
0x00007ffd0ee40000 - 0x00007ffd0ef0d000 	C:\Windows\System32\OLEAUT32.dll
0x00007ffd0fa70000 - 0x00007ffd0fb1d000 	C:\Windows\System32\SHCORE.dll
0x00007ffd0f160000 - 0x00007ffd0f1b5000 	C:\Windows\System32\shlwapi.dll
0x00007ffd0dc50000 - 0x00007ffd0dc74000 	C:\Windows\SYSTEM32\profapi.dll
0x00007ffcfe2b0000 - 0x00007ffcfe2bb000 	C:\spring-tool-suite-4-4.24.0.RELEASE-e4.32.0-win32.win32.x86_64.self-extracting\contents\sts-4.24.0.RELEASE\plugins\org.eclipse.justj.openjdk.hotspot.jre.full.win32.x86_64_21.0.3.v20240426-1530\jre\bin\dt_socket.dll
0x00007ffd0d130000 - 0x00007ffd0d16b000 	C:\Windows\SYSTEM32\IPHLPAPI.DLL
0x00007ffd0d4a0000 - 0x00007ffd0d50a000 	C:\Windows\System32\mswsock.dll
0x00007ffd0d170000 - 0x00007ffd0d23a000 	C:\Windows\SYSTEM32\DNSAPI.dll
0x00007ffd0fa30000 - 0x00007ffd0fa38000 	C:\Windows\System32\NSI.dll
0x00007ffd075e0000 - 0x00007ffd07660000 	C:\Windows\System32\fwpuclnt.dll
0x00007ffd06fe0000 - 0x00007ffd06fea000 	C:\Windows\System32\rasadhlp.dll
0x00007ffd06df0000 - 0x00007ffd06e00000 	C:\spring-tool-suite-4-4.24.0.RELEASE-e4.32.0-win32.win32.x86_64.self-extracting\contents\sts-4.24.0.RELEASE\plugins\org.eclipse.justj.openjdk.hotspot.jre.full.win32.x86_64_21.0.3.v20240426-1530\jre\bin\net.dll
0x00007ffd08e90000 - 0x00007ffd08f9d000 	C:\Windows\SYSTEM32\WINHTTP.dll
0x00007ffcfad30000 - 0x00007ffcfad46000 	C:\spring-tool-suite-4-4.24.0.RELEASE-e4.32.0-win32.win32.x86_64.self-extracting\contents\sts-4.24.0.RELEASE\plugins\org.eclipse.justj.openjdk.hotspot.jre.full.win32.x86_64_21.0.3.v20240426-1530\jre\bin\nio.dll
0x00007ffd06c30000 - 0x00007ffd06c3a000 	C:\spring-tool-suite-4-4.24.0.RELEASE-e4.32.0-win32.win32.x86_64.self-extracting\contents\sts-4.24.0.RELEASE\plugins\org.eclipse.justj.openjdk.hotspot.jre.full.win32.x86_64_21.0.3.v20240426-1530\jre\bin\management.dll
0x00007ffd06c20000 - 0x00007ffd06c2b000 	C:\spring-tool-suite-4-4.24.0.RELEASE-e4.32.0-win32.win32.x86_64.self-extracting\contents\sts-4.24.0.RELEASE\plugins\org.eclipse.justj.openjdk.hotspot.jre.full.win32.x86_64_21.0.3.v20240426-1530\jre\bin\management_ext.dll
0x00007ffd0e6a0000 - 0x00007ffd0e6a8000 	C:\Windows\System32\PSAPI.DLL
0x00007ffcf04f0000 - 0x00007ffcf0507000 	C:\Windows\system32\napinsp.dll
0x00007ffcf0510000 - 0x00007ffcf052b000 	C:\Windows\system32\pnrpnsp.dll
0x00007ffcdfe50000 - 0x00007ffcdfe65000 	C:\Windows\system32\wshbth.dll
0x00007ffd0b0a0000 - 0x00007ffd0b0bd000 	C:\Windows\system32\NLAapi.dll
0x00007ffd02240000 - 0x00007ffd02252000 	C:\Windows\System32\winrnr.dll
0x00007ffd0d690000 - 0x00007ffd0d6a8000 	C:\Windows\SYSTEM32\CRYPTSP.dll
0x00007ffd0cd50000 - 0x00007ffd0cd84000 	C:\Windows\system32\rsaenh.dll
0x00007ffd0dbc0000 - 0x00007ffd0dbee000 	C:\Windows\SYSTEM32\USERENV.dll
0x00007ffd0d6b0000 - 0x00007ffd0d6bc000 	C:\Windows\SYSTEM32\CRYPTBASE.dll
0x00007ffcfab60000 - 0x00007ffcfab69000 	C:\spring-tool-suite-4-4.24.0.RELEASE-e4.32.0-win32.win32.x86_64.self-extracting\contents\sts-4.24.0.RELEASE\plugins\org.eclipse.justj.openjdk.hotspot.jre.full.win32.x86_64_21.0.3.v20240426-1530\jre\bin\extnet.dll
0x00007ffd06ba0000 - 0x00007ffd06bb0000 	C:\spring-tool-suite-4-4.24.0.RELEASE-e4.32.0-win32.win32.x86_64.self-extracting\contents\sts-4.24.0.RELEASE\plugins\org.eclipse.justj.openjdk.hotspot.jre.full.win32.x86_64_21.0.3.v20240426-1530\jre\bin\verify.dll
0x00007ffcfada0000 - 0x00007ffcfadae000 	C:\spring-tool-suite-4-4.24.0.RELEASE-e4.32.0-win32.win32.x86_64.self-extracting\contents\sts-4.24.0.RELEASE\plugins\org.eclipse.justj.openjdk.hotspot.jre.full.win32.x86_64_21.0.3.v20240426-1530\jre\bin\sunmscapi.dll
0x00007ffd0de40000 - 0x00007ffd0df9e000 	C:\Windows\System32\CRYPT32.dll
0x00007ffd0d7b0000 - 0x00007ffd0d7d9000 	C:\Windows\SYSTEM32\ncrypt.dll
0x00007ffd0d770000 - 0x00007ffd0d7ab000 	C:\Windows\SYSTEM32\NTASN1.dll
0x00007ffcfac80000 - 0x00007ffcfac87000 	C:\Windows\system32\wshunix.dll

dbghelp: loaded successfully - version: 4.0.5 - missing functions: none
symbol engine: initialized successfully - sym options: 0x614 - pdb path: .;C:\spring-tool-suite-4-4.24.0.RELEASE-e4.32.0-win32.win32.x86_64.self-extracting\contents\sts-4.24.0.RELEASE\plugins\org.eclipse.justj.openjdk.hotspot.jre.full.win32.x86_64_21.0.3.v20240426-1530\jre\bin;C:\Windows\SYSTEM32;C:\Windows\WinSxS\amd64_microsoft.windows.common-controls_6595b64144ccf1df_6.0.19041.4355_none_60b8b9eb71f62e16;C:\spring-tool-suite-4-4.24.0.RELEASE-e4.32.0-win32.win32.x86_64.self-extracting\contents\sts-4.24.0.RELEASE\plugins\org.eclipse.justj.openjdk.hotspot.jre.full.win32.x86_64_21.0.3.v20240426-1530\jre\bin\server

VM Arguments:
jvm_args: -Djava.net.preferIPv4Stack=true -XX:+ShowCodeDetailsInExceptionMessages -agentlib:jdwp=transport=dt_socket,suspend=y,address=localhost:63531 -Dcom.sun.management.jmxremote -Dcom.sun.management.jmxremote.port=63530 -Dcom.sun.management.jmxremote.authenticate=false -Dcom.sun.management.jmxremote.ssl=false -Djava.rmi.server.hostname=localhost -Dspring.jmx.enabled=true -Dmanagement.endpoints.jmx.exposure.include=* -Dspring.application.admin.enabled=true -XX:TieredStopAtLevel=1 -Dspring.boot.project.name=mProject -javaagent:C:\spring-tool-suite-4-4.24.0.RELEASE-e4.32.0-win32.win32.x86_64.self-extracting\contents\sts-4.24.0.RELEASE\configuration\org.eclipse.osgi\270\0\.cp\lib\javaagent-shaded.jar -Dfile.encoding=UTF-8 -Dstdout.encoding=UTF-8 -Dstderr.encoding=UTF-8 
java_command: com.moon.mProject.MProjectApplication --spring.output.ansi.enabled=always
java_class_path (initial): C:\Users\user\Documents\workspace-spring-tool-suite-4-4.24.0.RELEASE\mProject\target\classes;C:\Users\user\.m2\repository\org\springframework\boot\spring-boot-starter-web\3.3.3\spring-boot-starter-web-3.3.3.jar;C:\Users\user\.m2\repository\org\springframework\boot\spring-boot-starter\3.3.3\spring-boot-starter-3.3.3.jar;C:\Users\user\.m2\repository\org\springframework\boot\spring-boot-starter-logging\3.3.3\spring-boot-starter-logging-3.3.3.jar;C:\Users\user\.m2\repository\ch\qos\logback\logback-classic\1.5.7\logback-classic-1.5.7.jar;C:\Users\user\.m2\repository\ch\qos\logback\logback-core\1.5.7\logback-core-1.5.7.jar;C:\Users\user\.m2\repository\org\apache\logging\log4j\log4j-to-slf4j\2.23.1\log4j-to-slf4j-2.23.1.jar;C:\Users\user\.m2\repository\org\apache\logging\log4j\log4j-api\2.23.1\log4j-api-2.23.1.jar;C:\Users\user\.m2\repository\org\slf4j\jul-to-slf4j\2.0.16\jul-to-slf4j-2.0.16.jar;C:\Users\user\.m2\repository\jakarta\annotation\jakarta.annotation-api\2.1.1\jakarta.annotation-api-2.1.1.jar;C:\Users\user\.m2\repository\org\yaml\snakeyaml\2.2\snakeyaml-2.2.jar;C:\Users\user\.m2\repository\org\springframework\boot\spring-boot-starter-json\3.3.3\spring-boot-starter-json-3.3.3.jar;C:\Users\user\.m2\repository\com\fasterxml\jackson\core\jackson-databind\2.17.2\jackson-databind-2.17.2.jar;C:\Users\user\.m2\repository\com\fasterxml\jackson\core\jackson-annotations\2.17.2\jackson-annotations-2.17.2.jar;C:\Users\user\.m2\repository\com\fasterxml\jackson\core\jackson-core\2.17.2\jackson-core-2.17.2.jar;C:\Users\user\.m2\repository\com\fasterxml\jackson\datatype\jackson-datatype-jdk8\2.17.2\jackson-datatype-jdk8-2.17.2.jar;C:\Users\user\.m2\repository\com\fasterxml\jackson\datatype\jackson-datatype-jsr310\2.17.2\jackson-datatype-jsr310-2.17.2.jar;C:\Users\user\.m2\repository\com\fasterxml\jackson\module\jackson-module-parameter-names\2.17.2\jackson-module-parameter-names-2.17.2.jar;C:\Users\user\.m2\repository\org\springframework\boot\spring-boot-starter-tomcat\3.3.3\spring-boot-starter-tomcat-3.3.3.jar;C:\Users\user\.m2\repository\org\apache\tomcat\embed\tomcat-embed-core\10.1.28\tomcat-embed-core-10.1.28.jar;C:\Users\user\.m2\repository\org\apache\tomcat\embed\tomcat-embed-el\10.1.28\tomcat-embed-el-10.1.28.jar;C:\Users\user\.m2\repository\org\apache\tomcat\embed\tomcat-embed-websocket\10.1.28\tomcat-embed-websocket-10.1.28.jar;C:\Users\user\.m2\repository\org\springframework\spring-web\6.1.12\spring-web-6.1.12.jar;C:\Users\user\.m2\repository\io\micrometer\micrometer-observation\1.13.3\micrometer-observation-1.13.3.jar;C:\Users\user\.m2\repository\io\micrometer\micrometer-commons\1.13.3\micrometer-commons-1.13.3.jar;C:\Users\user\.m2\repository\org\springframework\spring-webmvc\6.1.12\spring-webmvc-6.1.12.jar;C:\Users\user\.m2\repository\org\springframework\spring-aop\6.1.12\spring-aop-6.1.12.jar;C:\Users\user\.m2\repository\org\springframework\spring-context\6.1.12\spring-context-6.1.12.jar;C:\Users\user\.m2\repository\org\springframework\spring-expression\6.1.12\spring-expression-6.1.12.jar;C:\Users\user\.m2\repository\org\springframework\boot\spring-boot-devtools\3.3.3\spring-boot-devtools-3.3.3.jar;C:\Users\user\.m2\repository\org\springframework\boot\spring-boot\3.3.3\spring-boot-3.3.3.jar;C:\Users\user\.m2\repository\org\springframework\boot\spring-boot-autoconfigure\3.3.3\spring-boot-autoconfigure-3.3.3.jar;C:\Users\user\.m2\repository\org\mybatis\spring\boot\mybatis-spring-boot-starter\3.0.3\mybatis-spring-boot-starter-3.0.3.jar;C:\Users\user\.m2\repository\org\springframework\boot\spring-boot-starter-jdbc\3.3.3\spring-boot-starter-jdbc-3.3.3.jar;C:\Users\user\.m2\repository\com\zaxxer\HikariCP\5.1.0\HikariCP-5.1.0.jar;C:\Users\user\.m2\repository\org\mybatis\spring\boot\mybatis-spring-boot-autoconfigure\3.0.3\mybatis-spring-boot-autoconfigure-3.0.3.jar;C:\Users\user\.m2\repository\org\mybatis\mybatis\3.5.14\mybatis-3.5.14.jar;C:\Users\user\.m2\repository\org\mybatis\mybatis-spring\3.0.3\mybatis-spring-3.0.3.jar;C:\Users\user\.m2\repository\org\springframework\spring-jdbc\6.1.10\spring-jdbc-6.1.10.jar;C:\Users\user\.m2\repository\org\springframework\spring-beans\6.1.12\spring-beans-6.1.12.jar;C:\Users\user\.m2\repository\org\springframework\spring-core\6.1.12\spring-core-6.1.12.jar;C:\Users\user\.m2\repository\org\springframework\spring-jcl\6.1.12\spring-jcl-6.1.12.jar;C:\Users\user\.m2\repository\org\springframework\spring-tx\6.1.12\spring-tx-6.1.12.jar;C:\Users\user\.m2\repository\com\mysql\mysql-connector-j\8.0.32\mysql-connector-j-8.0.32.jar;C:\Users\user\.m2\repository\org\projectlombok\lombok\1.18.30\lombok-1.18.30.jar;C:\Users\user\.m2\repository\org\slf4j\slf4j-api\2.0.16\slf4j-api-2.0.16.jar
Launcher Type: SUN_STANDARD

[Global flags]
     intx CICompilerCount                          = 4                                         {product} {ergonomic}
     uint ConcGCThreads                            = 3                                         {product} {ergonomic}
     uint G1ConcRefinementThreads                  = 10                                        {product} {ergonomic}
   size_t G1HeapRegionSize                         = 4194304                                   {product} {ergonomic}
    uintx GCDrainStackTargetSize                   = 64                                        {product} {ergonomic}
   size_t InitialHeapSize                          = 536870912                                 {product} {ergonomic}
     bool ManagementServer                         = true                                      {product} {command line}
   size_t MarkStackSize                            = 4194304                                   {product} {ergonomic}
   size_t MaxHeapSize                              = 8531214336                                {product} {ergonomic}
   size_t MaxNewSize                               = 5117050880                                {product} {ergonomic}
   size_t MinHeapDeltaBytes                        = 4194304                                   {product} {ergonomic}
   size_t MinHeapSize                              = 8388608                                   {product} {ergonomic}
    uintx NonNMethodCodeHeapSize                   = 4096                                   {pd product} {ergonomic}
    uintx NonProfiledCodeHeapSize                  = 0                                      {pd product} {ergonomic}
     bool ProfileInterpreter                       = false                                  {pd product} {command line}
    uintx ProfiledCodeHeapSize                     = 0                                      {pd product} {ergonomic}
     bool ShowCodeDetailsInExceptionMessages       = true                                   {manageable} {command line}
   size_t SoftMaxHeapSize                          = 8531214336                             {manageable} {ergonomic}
     intx TieredStopAtLevel                        = 1                                         {product} {command line}
     bool UseCompressedOops                        = true                           {product lp64_product} {ergonomic}
     bool UseG1GC                                  = true                                      {product} {ergonomic}
     bool UseLargePagesIndividualAllocation        = false                                  {pd product} {ergonomic}

Logging:
Log output configuration:
 #0: stdout all=warning uptime,level,tags foldmultilines=false
 #1: stderr all=off uptime,level,tags foldmultilines=false

Environment Variables:
JAVA_HOME=C:\Program Files (x86)\Java\jdk1.5.0_22;
JAVA_TOOL_OPTIONS=-Djava.net.preferIPv4Stack=true
CLASSPATH=C:\Program Files (x86)\Java\jdk1.5.0_22;\lib
PATH=C:\spring-tool-suite-4-4.24.0.RELEASE-e4.32.0-win32.win32.x86_64.self-extracting\contents\sts-4.24.0.RELEASE\plugins\org.eclipse.justj.openjdk.hotspot.jre.full.win32.x86_64_21.0.3.v20240426-1530\jre\bin;C:/spring-tool-suite-4-4.24.0.RELEASE-e4.32.0-win32.win32.x86_64.self-extracting/contents/sts-4.24.0.RELEASE//plugins/org.eclipse.justj.openjdk.hotspot.jre.full.win32.x86_64_21.0.3.v20240426-1530/jre/bin/server;C:/spring-tool-suite-4-4.24.0.RELEASE-e4.32.0-win32.win32.x86_64.self-extracting/contents/sts-4.24.0.RELEASE//plugins/org.eclipse.justj.openjdk.hotspot.jre.full.win32.x86_64_21.0.3.v20240426-1530/jre/bin;C:\Program Files\Common Files\Oracle\Java\javapath;C:\Program Files (x86)\Java\jdk1.5.0_22\bin;C:\app\client\user\product\12.2.0\client_1\bin;C:\ProgramData\Oracle\Java\javapath;C:\Windows\system32;C:\Windows;C:\Windows\System32\Wbem;C:\Windows\System32\WindowsPowerShell\v1.0\;C:\Windows\System32\OpenSSH\;C:\Program Files (x86)\Java\jdk1.5.0_22;\bin;D:\app\oracle_client;C:\Program Files\VisualSVN Server\bin;C:\BigLook\bin\external\php;C:\BigLook\bin\external\rats-2.1;C:\BigLook\bin\external\curl;C:\Program Files (x86)\Cppcheck;C:\BigLook\bin\external\svn-win32-1.7.14\bin;C:\Program Files\Git\cmd;C:\Users\user\AppData\Local\Microsoft\WindowsApps;C:\Users\user\AppData\Local\Programs\Microsoft VS Code\bin;C:\Program Files (x86)\Gallio\bin;C:\spring-tool-suite-4-4.24.0.RELEASE-e4.32.0-win32.win32.x86_64.self-extracting\contents\sts-4.24.0.RELEASE;
USERNAME=user
OS=Windows_NT
PROCESSOR_IDENTIFIER=Intel64 Family 6 Model 151 Stepping 5, GenuineIntel
TMP=C:\Users\user\AppData\Local\Temp
TEMP=C:\Users\user\AppData\Local\Temp




Periodic native trim disabled

---------------  S Y S T E M  ---------------

OS:
 Windows 10 , 64 bit Build 19041 (10.0.19041.4717)
OS uptime: 5 days 23:56 hours

CPU: total 12 (initial active 12) (6 cores per cpu, 2 threads per core) family 6 model 151 stepping 5 microcode 0x26, cx8, cmov, fxsr, ht, mmx, 3dnowpref, sse, sse2, sse3, ssse3, sse4.1, sse4.2, popcnt, lzcnt, tsc, tscinvbit, avx, avx2, aes, erms, clmul, bmi1, bmi2, adx, sha, fma, vzeroupper, clflush, clflushopt, clwb, serialize, rdtscp, rdpid, fsrm, f16c, pku, cet_ibt, cet_ss
Processor Information for all 12 processors :
  Max Mhz: 2500, Current Mhz: 2500, Mhz Limit: 2500

Memory: 4k page, system-wide physical 32538M (16396M free)
TotalPageFile size 37402M (AvailPageFile size 18518M)
current process WorkingSet (physical memory assigned to process): 215M, peak: 293M
current process commit charge ("private bytes"): 246M, peak: 629M

vm_info: OpenJDK 64-Bit Server VM (21.0.3+9-LTS) for windows-amd64 JRE (21.0.3+9-LTS), built on 2024-04-16T00:00:00Z by "admin" with MS VC++ 17.7 (VS2022)

END.
